INFO  06:41:09 Application started. Press Ctrl+C to shut down.
INFO  06:41:09 Application started. Press Ctrl+C to shut down.
INFO  06:41:09 Hosting environment: Development
INFO  06:41:09 Hosting environment: Development
INFO  06:41:09 Content root path: C:\Users\user\source\repos\account-master\AccountMicroservice
INFO  06:41:09 Content root path: C:\Users\user\source\repos\account-master\AccountMicroservice
INFO  06:45:39 Application started. Press Ctrl+C to shut down.
INFO  06:45:39 Application started. Press Ctrl+C to shut down.
INFO  06:45:39 Hosting environment: Development
INFO  06:45:39 Hosting environment: Development
INFO  06:45:39 Content root path: C:\Users\user\source\repos\account-master\AccountMicroservice
INFO  06:45:39 Content root path: C:\Users\user\source\repos\account-master\AccountMicroservice
INFO  06:46:47  Getting Account Info
INFO  11:51:05 Application started. Press Ctrl+C to shut down.
INFO  11:51:05 Application started. Press Ctrl+C to shut down.
INFO  11:51:05 Hosting environment: Development
INFO  11:51:05 Hosting environment: Development
INFO  11:51:05 Content root path: C:\Users\Shruti Kumari\Desktop\MyProject\AccFol\AccountMicroservice
INFO  11:51:05 Content root path: C:\Users\Shruti Kumari\Desktop\MyProject\AccFol\AccountMicroservice
INFO  11:51:59  Got Customer Account
INFO  11:56:41 Application started. Press Ctrl+C to shut down.
INFO  11:56:41 Application started. Press Ctrl+C to shut down.
INFO  11:56:41 Hosting environment: Development
INFO  11:56:41 Hosting environment: Development
INFO  11:56:41 Content root path: C:\Users\Shruti Kumari\Desktop\MyProject\AccFol\AccountMicroservice
INFO  11:56:41 Content root path: C:\Users\Shruti Kumari\Desktop\MyProject\AccFol\AccountMicroservice
INFO  11:57:19  Got Customer Account
INFO  12:25:40 Application started. Press Ctrl+C to shut down.
INFO  12:25:40 Application started. Press Ctrl+C to shut down.
INFO  12:25:40 Hosting environment: Development
INFO  12:25:40 Hosting environment: Development
INFO  12:25:40 Content root path: C:\Users\Shruti Kumari\Desktop\MyProject\AccFol\AccountMicroservice
INFO  12:25:40 Content root path: C:\Users\Shruti Kumari\Desktop\MyProject\AccFol\AccountMicroservice
INFO  12:27:24 Application started. Press Ctrl+C to shut down.
INFO  12:27:24 Application started. Press Ctrl+C to shut down.
INFO  12:27:24 Hosting environment: Development
INFO  12:27:24 Hosting environment: Development
INFO  12:27:24 Content root path: C:\Users\Shruti Kumari\Desktop\MyProject\AccFol\AccountMicroservice
INFO  12:27:24 Content root path: C:\Users\Shruti Kumari\Desktop\MyProject\AccFol\AccountMicroservice
INFO  12:27:51 Amount Withdrawn
INFO  12:28:14  Getting Account Info
INFO  12:28:31  Getting Account Info
INFO  12:28:52 Amount Withdrawn
INFO  12:28:55 Amount Withdrawn
INFO  12:29:28 Amount Transferred
INFO  01:33:21 Application started. Press Ctrl+C to shut down.
INFO  01:33:21 Application started. Press Ctrl+C to shut down.
INFO  01:33:21 Hosting environment: Development
INFO  01:33:21 Hosting environment: Development
INFO  01:33:21 Content root path: C:\Users\Shruti Kumari\Desktop\MyProject\AccFol\AccountMicroservice
INFO  01:33:21 Content root path: C:\Users\Shruti Kumari\Desktop\MyProject\AccFol\AccountMicroservice
INFO  01:33:32  Got Customer Account
INFO  01:33:57  Amount Deposited 
INFO  01:34:07  Got Customer Account
INFO  01:34:11  Got Customer Account
INFO  01:34:19  Got Customer Account
INFO  01:37:38  Got Customer Account
INFO  01:37:57  Amount Deposited 
INFO  01:38:15  Got Customer Account
INFO  01:38:23  Got Customer Account
INFO  01:44:30 Application started. Press Ctrl+C to shut down.
INFO  01:44:30 Application started. Press Ctrl+C to shut down.
INFO  01:44:30 Hosting environment: Development
INFO  01:44:30 Hosting environment: Development
INFO  01:44:30 Content root path: C:\Users\Shruti Kumari\Desktop\MyProject\AccFol\AccountMicroservice
INFO  01:44:30 Content root path: C:\Users\Shruti Kumari\Desktop\MyProject\AccFol\AccountMicroservice
INFO  01:44:45  Got Customer Account
INFO  01:45:10  Getting Account Info
INFO  01:46:59 Application started. Press Ctrl+C to shut down.
INFO  01:46:59 Application started. Press Ctrl+C to shut down.
INFO  01:46:59 Hosting environment: Development
INFO  01:46:59 Hosting environment: Development
INFO  01:46:59 Content root path: C:\Users\Shruti Kumari\Desktop\MyProject\AccFol\AccountMicroservice
INFO  01:46:59 Content root path: C:\Users\Shruti Kumari\Desktop\MyProject\AccFol\AccountMicroservice
INFO  01:47:13  Got Customer Account
INFO  01:47:25  Getting Account Info
INFO  01:47:32  Getting Account Info
INFO  01:48:32 Application started. Press Ctrl+C to shut down.
INFO  01:48:32 Application started. Press Ctrl+C to shut down.
INFO  01:48:32 Hosting environment: Development
INFO  01:48:32 Hosting environment: Development
INFO  01:48:32 Content root path: C:\Users\Shruti Kumari\Desktop\MyProject\AccFol\AccountMicroservice
INFO  01:48:32 Content root path: C:\Users\Shruti Kumari\Desktop\MyProject\AccFol\AccountMicroservice
INFO  01:49:01  Getting Account Info
INFO  01:49:25  Amount Deposited 
INFO  01:49:34  Getting Account Info
INFO  01:49:38  Getting Account Info
INFO  01:49:39  Getting Account Info
INFO  03:37:45 Application started. Press Ctrl+C to shut down.
INFO  03:37:46 Application started. Press Ctrl+C to shut down.
INFO  03:37:46 Hosting environment: Development
INFO  03:37:46 Hosting environment: Development
INFO  03:37:46 Content root path: C:\Users\Shruti Kumari\Desktop\MyProject\AccFol\AccountMicroservice
INFO  03:37:46 Content root path: C:\Users\Shruti Kumari\Desktop\MyProject\AccFol\AccountMicroservice
INFO  03:37:56  Got Customer Account
INFO  03:38:09  Getting Account Info
INFO  03:39:43 Application started. Press Ctrl+C to shut down.
INFO  03:39:43 Application started. Press Ctrl+C to shut down.
INFO  03:39:43 Hosting environment: Development
INFO  03:39:43 Hosting environment: Development
INFO  03:39:43 Content root path: C:\Users\Shruti Kumari\Desktop\MyProject\AccFol\AccountMicroservice
INFO  03:39:43 Content root path: C:\Users\Shruti Kumari\Desktop\MyProject\AccFol\AccountMicroservice
INFO  03:39:55  Getting Account Info
INFO  04:46:15 Application started. Press Ctrl+C to shut down.
INFO  04:46:15 Application started. Press Ctrl+C to shut down.
INFO  04:46:15 Hosting environment: Development
INFO  04:46:15 Hosting environment: Development
INFO  04:46:15 Content root path: C:\Users\Shruti Kumari\Desktop\MyProject\AccFol\AccountMicroservice
INFO  04:46:15 Content root path: C:\Users\Shruti Kumari\Desktop\MyProject\AccFol\AccountMicroservice
INFO  04:46:26  Got Customer Account
INFO  04:46:44  Amount Deposited 
INFO  04:50:21 Application started. Press Ctrl+C to shut down.
INFO  04:50:21 Application started. Press Ctrl+C to shut down.
INFO  04:50:21 Hosting environment: Development
INFO  04:50:21 Hosting environment: Development
INFO  04:50:21 Content root path: C:\Users\Shruti Kumari\Desktop\MyProject\AccFol\AccountMicroservice
INFO  04:50:21 Content root path: C:\Users\Shruti Kumari\Desktop\MyProject\AccFol\AccountMicroservice
INFO  04:50:43  Getting Account Info
INFO  04:58:43 Application started. Press Ctrl+C to shut down.
INFO  04:58:43 Application started. Press Ctrl+C to shut down.
INFO  04:58:43 Hosting environment: Development
INFO  04:58:43 Hosting environment: Development
INFO  04:58:43 Content root path: C:\Users\Shruti Kumari\Desktop\MyProject\AccFol\AccountMicroservice
INFO  04:58:43 Content root path: C:\Users\Shruti Kumari\Desktop\MyProject\AccFol\AccountMicroservice
INFO  04:58:56  Got Customer Account
INFO  04:59:08  Getting Account Info
ERROR 04:59:15 An unhandled exception has occurred while executing the request.
System.NullReferenceException: Object reference not set to an instance of an object.
   at AccountMicroservice.Controllers.AccountController.getAccount(Int32 id) in C:\Users\Shruti Kumari\Desktop\MyProject\AccFol\AccountMicroservice\Controllers\AccountController.cs:line 111
   at lambda_method(Closure , Object , Object[] )
   at Microsoft.Extensions.Internal.ObjectMethodExecutor.Execute(Object target, Object[] parameters)
   at Microsoft.AspNetCore.Mvc.Infrastructure.ActionMethodExecutor.SyncObjectResultExecutor.Execute(IActionResultTypeMapper mapper, ObjectMethodExecutor executor, Object controller, Object[] arguments)
   at Microsoft.AspNetCore.Mvc.Infrastructure.ControllerActionInvoker.InvokeActionMethodAsync()
   at Microsoft.AspNetCore.Mvc.Infrastructure.ControllerActionInvoker.Next(State& next, Scope& scope, Object& state, Boolean& isCompleted)
   at Microsoft.AspNetCore.Mvc.Infrastructure.ControllerActionInvoker.InvokeNextActionFilterAsync()
--- End of stack trace from previous location where exception was thrown ---
   at Microsoft.AspNetCore.Mvc.Infrastructure.ControllerActionInvoker.Rethrow(ActionExecutedContextSealed context)
   at Microsoft.AspNetCore.Mvc.Infrastructure.ControllerActionInvoker.Next(State& next, Scope& scope, Object& state, Boolean& isCompleted)
   at Microsoft.AspNetCore.Mvc.Infrastructure.ControllerActionInvoker.InvokeInnerFilterAsync()
--- End of stack trace from previous location where exception was thrown ---
   at Microsoft.AspNetCore.Mvc.Infrastructure.ResourceInvoker.<InvokeFilterPipelineAsync>g__Awaited|19_0(ResourceInvoker invoker, Task lastTask, State next, Scope scope, Object state, Boolean isCompleted)
   at Microsoft.AspNetCore.Mvc.Infrastructure.ResourceInvoker.<InvokeAsync>g__Awaited|17_0(ResourceInvoker invoker, Task task, IDisposable scope)
   at Microsoft.AspNetCore.Routing.EndpointMiddleware.<Invoke>g__AwaitRequestTask|6_0(Endpoint endpoint, Task requestTask, ILogger logger)
   at Microsoft.AspNetCore.Authorization.AuthorizationMiddleware.Invoke(HttpContext context)
   at Swashbuckle.AspNetCore.SwaggerUI.SwaggerUIMiddleware.Invoke(HttpContext httpContext)
   at Swashbuckle.AspNetCore.Swagger.SwaggerMiddleware.Invoke(HttpContext httpContext, ISwaggerProvider swaggerProvider)
   at Microsoft.AspNetCore.Diagnostics.DeveloperExceptionPageMiddleware.Invoke(HttpContext context)
ERROR 04:59:15 An unhandled exception has occurred while executing the request.
System.NullReferenceException: Object reference not set to an instance of an object.
   at AccountMicroservice.Controllers.AccountController.getAccount(Int32 id) in C:\Users\Shruti Kumari\Desktop\MyProject\AccFol\AccountMicroservice\Controllers\AccountController.cs:line 111
   at lambda_method(Closure , Object , Object[] )
   at Microsoft.Extensions.Internal.ObjectMethodExecutor.Execute(Object target, Object[] parameters)
   at Microsoft.AspNetCore.Mvc.Infrastructure.ActionMethodExecutor.SyncObjectResultExecutor.Execute(IActionResultTypeMapper mapper, ObjectMethodExecutor executor, Object controller, Object[] arguments)
   at Microsoft.AspNetCore.Mvc.Infrastructure.ControllerActionInvoker.InvokeActionMethodAsync()
   at Microsoft.AspNetCore.Mvc.Infrastructure.ControllerActionInvoker.Next(State& next, Scope& scope, Object& state, Boolean& isCompleted)
   at Microsoft.AspNetCore.Mvc.Infrastructure.ControllerActionInvoker.InvokeNextActionFilterAsync()
--- End of stack trace from previous location where exception was thrown ---
   at Microsoft.AspNetCore.Mvc.Infrastructure.ControllerActionInvoker.Rethrow(ActionExecutedContextSealed context)
   at Microsoft.AspNetCore.Mvc.Infrastructure.ControllerActionInvoker.Next(State& next, Scope& scope, Object& state, Boolean& isCompleted)
   at Microsoft.AspNetCore.Mvc.Infrastructure.ControllerActionInvoker.InvokeInnerFilterAsync()
--- End of stack trace from previous location where exception was thrown ---
   at Microsoft.AspNetCore.Mvc.Infrastructure.ResourceInvoker.<InvokeFilterPipelineAsync>g__Awaited|19_0(ResourceInvoker invoker, Task lastTask, State next, Scope scope, Object state, Boolean isCompleted)
   at Microsoft.AspNetCore.Mvc.Infrastructure.ResourceInvoker.<InvokeAsync>g__Awaited|17_0(ResourceInvoker invoker, Task task, IDisposable scope)
   at Microsoft.AspNetCore.Routing.EndpointMiddleware.<Invoke>g__AwaitRequestTask|6_0(Endpoint endpoint, Task requestTask, ILogger logger)
   at Microsoft.AspNetCore.Authorization.AuthorizationMiddleware.Invoke(HttpContext context)
   at Swashbuckle.AspNetCore.SwaggerUI.SwaggerUIMiddleware.Invoke(HttpContext httpContext)
   at Swashbuckle.AspNetCore.Swagger.SwaggerMiddleware.Invoke(HttpContext httpContext, ISwaggerProvider swaggerProvider)
   at Microsoft.AspNetCore.Diagnostics.DeveloperExceptionPageMiddleware.Invoke(HttpContext context)
INFO  05:07:14 Application started. Press Ctrl+C to shut down.
INFO  05:07:14 Application started. Press Ctrl+C to shut down.
INFO  05:07:14 Hosting environment: Development
INFO  05:07:14 Hosting environment: Development
INFO  05:07:14 Content root path: C:\Users\Shruti Kumari\Desktop\MyProject\AccFol\AccountMicroservice
INFO  05:07:14 Content root path: C:\Users\Shruti Kumari\Desktop\MyProject\AccFol\AccountMicroservice
INFO  05:07:48  Got Customer Account
INFO  05:07:59  Getting Account Info
INFO  05:10:57 Application started. Press Ctrl+C to shut down.
INFO  05:10:57 Application started. Press Ctrl+C to shut down.
INFO  05:10:57 Hosting environment: Development
INFO  05:10:57 Hosting environment: Development
INFO  05:10:57 Content root path: C:\Users\Shruti Kumari\Desktop\MyProject\AccFol\AccountMicroservice
INFO  05:10:57 Content root path: C:\Users\Shruti Kumari\Desktop\MyProject\AccFol\AccountMicroservice
INFO  05:11:12  Getting Account Info
INFO  05:11:57  Amount Deposited 
INFO  05:12:11  Got Customer Account
INFO  05:13:04  Getting Account Info
ERROR 05:13:04 An unhandled exception has occurred while executing the request.
System.NullReferenceException: Object reference not set to an instance of an object.
   at AccountMicroservice.Controllers.AccountController.<>c__DisplayClass7_0.<getCustomerAccounts>b__1(CurrentAccount cac) in C:\Users\Shruti Kumari\Desktop\MyProject\AccFol\AccountMicroservice\Controllers\AccountController.cs:line 63
   at System.Collections.Generic.List`1.Find(Predicate`1 match)
   at AccountMicroservice.Controllers.AccountController.getCustomerAccounts(Int32 id) in C:\Users\Shruti Kumari\Desktop\MyProject\AccFol\AccountMicroservice\Controllers\AccountController.cs:line 63
   at lambda_method(Closure , Object , Object[] )
   at Microsoft.Extensions.Internal.ObjectMethodExecutor.Execute(Object target, Object[] parameters)
   at Microsoft.AspNetCore.Mvc.Infrastructure.ActionMethodExecutor.SyncObjectResultExecutor.Execute(IActionResultTypeMapper mapper, ObjectMethodExecutor executor, Object controller, Object[] arguments)
   at Microsoft.AspNetCore.Mvc.Infrastructure.ControllerActionInvoker.InvokeActionMethodAsync()
   at Microsoft.AspNetCore.Mvc.Infrastructure.ControllerActionInvoker.Next(State& next, Scope& scope, Object& state, Boolean& isCompleted)
   at Microsoft.AspNetCore.Mvc.Infrastructure.ControllerActionInvoker.InvokeNextActionFilterAsync()
--- End of stack trace from previous location where exception was thrown ---
   at Microsoft.AspNetCore.Mvc.Infrastructure.ControllerActionInvoker.Rethrow(ActionExecutedContextSealed context)
   at Microsoft.AspNetCore.Mvc.Infrastructure.ControllerActionInvoker.Next(State& next, Scope& scope, Object& state, Boolean& isCompleted)
   at Microsoft.AspNetCore.Mvc.Infrastructure.ControllerActionInvoker.InvokeInnerFilterAsync()
--- End of stack trace from previous location where exception was thrown ---
   at Microsoft.AspNetCore.Mvc.Infrastructure.ResourceInvoker.<InvokeFilterPipelineAsync>g__Awaited|19_0(ResourceInvoker invoker, Task lastTask, State next, Scope scope, Object state, Boolean isCompleted)
   at Microsoft.AspNetCore.Mvc.Infrastructure.ResourceInvoker.<InvokeAsync>g__Awaited|17_0(ResourceInvoker invoker, Task task, IDisposable scope)
   at Microsoft.AspNetCore.Routing.EndpointMiddleware.<Invoke>g__AwaitRequestTask|6_0(Endpoint endpoint, Task requestTask, ILogger logger)
   at Microsoft.AspNetCore.Authorization.AuthorizationMiddleware.Invoke(HttpContext context)
   at Swashbuckle.AspNetCore.SwaggerUI.SwaggerUIMiddleware.Invoke(HttpContext httpContext)
   at Swashbuckle.AspNetCore.Swagger.SwaggerMiddleware.Invoke(HttpContext httpContext, ISwaggerProvider swaggerProvider)
   at Microsoft.AspNetCore.Diagnostics.DeveloperExceptionPageMiddleware.Invoke(HttpContext context)
ERROR 05:13:04 An unhandled exception has occurred while executing the request.
System.NullReferenceException: Object reference not set to an instance of an object.
   at AccountMicroservice.Controllers.AccountController.<>c__DisplayClass7_0.<getCustomerAccounts>b__1(CurrentAccount cac) in C:\Users\Shruti Kumari\Desktop\MyProject\AccFol\AccountMicroservice\Controllers\AccountController.cs:line 63
   at System.Collections.Generic.List`1.Find(Predicate`1 match)
   at AccountMicroservice.Controllers.AccountController.getCustomerAccounts(Int32 id) in C:\Users\Shruti Kumari\Desktop\MyProject\AccFol\AccountMicroservice\Controllers\AccountController.cs:line 63
   at lambda_method(Closure , Object , Object[] )
   at Microsoft.Extensions.Internal.ObjectMethodExecutor.Execute(Object target, Object[] parameters)
   at Microsoft.AspNetCore.Mvc.Infrastructure.ActionMethodExecutor.SyncObjectResultExecutor.Execute(IActionResultTypeMapper mapper, ObjectMethodExecutor executor, Object controller, Object[] arguments)
   at Microsoft.AspNetCore.Mvc.Infrastructure.ControllerActionInvoker.InvokeActionMethodAsync()
   at Microsoft.AspNetCore.Mvc.Infrastructure.ControllerActionInvoker.Next(State& next, Scope& scope, Object& state, Boolean& isCompleted)
   at Microsoft.AspNetCore.Mvc.Infrastructure.ControllerActionInvoker.InvokeNextActionFilterAsync()
--- End of stack trace from previous location where exception was thrown ---
   at Microsoft.AspNetCore.Mvc.Infrastructure.ControllerActionInvoker.Rethrow(ActionExecutedContextSealed context)
   at Microsoft.AspNetCore.Mvc.Infrastructure.ControllerActionInvoker.Next(State& next, Scope& scope, Object& state, Boolean& isCompleted)
   at Microsoft.AspNetCore.Mvc.Infrastructure.ControllerActionInvoker.InvokeInnerFilterAsync()
--- End of stack trace from previous location where exception was thrown ---
   at Microsoft.AspNetCore.Mvc.Infrastructure.ResourceInvoker.<InvokeFilterPipelineAsync>g__Awaited|19_0(ResourceInvoker invoker, Task lastTask, State next, Scope scope, Object state, Boolean isCompleted)
   at Microsoft.AspNetCore.Mvc.Infrastructure.ResourceInvoker.<InvokeAsync>g__Awaited|17_0(ResourceInvoker invoker, Task task, IDisposable scope)
   at Microsoft.AspNetCore.Routing.EndpointMiddleware.<Invoke>g__AwaitRequestTask|6_0(Endpoint endpoint, Task requestTask, ILogger logger)
   at Microsoft.AspNetCore.Authorization.AuthorizationMiddleware.Invoke(HttpContext context)
   at Swashbuckle.AspNetCore.SwaggerUI.SwaggerUIMiddleware.Invoke(HttpContext httpContext)
   at Swashbuckle.AspNetCore.Swagger.SwaggerMiddleware.Invoke(HttpContext httpContext, ISwaggerProvider swaggerProvider)
   at Microsoft.AspNetCore.Diagnostics.DeveloperExceptionPageMiddleware.Invoke(HttpContext context)
INFO  05:13:07  Getting Account Info
INFO  05:13:40 Application started. Press Ctrl+C to shut down.
INFO  05:13:40 Application started. Press Ctrl+C to shut down.
INFO  05:13:40 Hosting environment: Development
INFO  05:13:40 Hosting environment: Development
INFO  05:13:40 Content root path: C:\Users\Shruti Kumari\Desktop\MyProject\AccFol\AccountMicroservice
INFO  05:13:40 Content root path: C:\Users\Shruti Kumari\Desktop\MyProject\AccFol\AccountMicroservice
INFO  05:13:59  Got Customer Account
INFO  05:14:21  Amount Deposited 
INFO  05:14:27  Got Customer Account
INFO  05:16:28 Application started. Press Ctrl+C to shut down.
INFO  05:16:28 Application started. Press Ctrl+C to shut down.
INFO  05:16:28 Hosting environment: Development
INFO  05:16:28 Hosting environment: Development
INFO  05:16:28 Content root path: C:\Users\Shruti Kumari\Desktop\MyProject\AccFol\AccountMicroservice
INFO  05:16:28 Content root path: C:\Users\Shruti Kumari\Desktop\MyProject\AccFol\AccountMicroservice
INFO  05:18:28  Got Customer Account
INFO  05:23:05 Account Created
INFO  05:24:20  Got Customer Account
ERROR 05:24:31 An unhandled exception has occurred while executing the request.
System.NullReferenceException: Object reference not set to an instance of an object.
   at AccountMicroservice.Controllers.AccountController.<>c__DisplayClass7_0.<getCustomerAccounts>b__1(CurrentAccount cac) in C:\Users\Shruti Kumari\Desktop\MyProject\AccFol\AccountMicroservice\Controllers\AccountController.cs:line 63
   at System.Collections.Generic.List`1.Find(Predicate`1 match)
   at AccountMicroservice.Controllers.AccountController.getCustomerAccounts(Int32 id) in C:\Users\Shruti Kumari\Desktop\MyProject\AccFol\AccountMicroservice\Controllers\AccountController.cs:line 63
   at lambda_method(Closure , Object , Object[] )
   at Microsoft.Extensions.Internal.ObjectMethodExecutor.Execute(Object target, Object[] parameters)
   at Microsoft.AspNetCore.Mvc.Infrastructure.ActionMethodExecutor.SyncObjectResultExecutor.Execute(IActionResultTypeMapper mapper, ObjectMethodExecutor executor, Object controller, Object[] arguments)
   at Microsoft.AspNetCore.Mvc.Infrastructure.ControllerActionInvoker.InvokeActionMethodAsync()
   at Microsoft.AspNetCore.Mvc.Infrastructure.ControllerActionInvoker.Next(State& next, Scope& scope, Object& state, Boolean& isCompleted)
   at Microsoft.AspNetCore.Mvc.Infrastructure.ControllerActionInvoker.InvokeNextActionFilterAsync()
--- End of stack trace from previous location where exception was thrown ---
   at Microsoft.AspNetCore.Mvc.Infrastructure.ControllerActionInvoker.Rethrow(ActionExecutedContextSealed context)
   at Microsoft.AspNetCore.Mvc.Infrastructure.ControllerActionInvoker.Next(State& next, Scope& scope, Object& state, Boolean& isCompleted)
   at Microsoft.AspNetCore.Mvc.Infrastructure.ControllerActionInvoker.InvokeInnerFilterAsync()
--- End of stack trace from previous location where exception was thrown ---
   at Microsoft.AspNetCore.Mvc.Infrastructure.ResourceInvoker.<InvokeFilterPipelineAsync>g__Awaited|19_0(ResourceInvoker invoker, Task lastTask, State next, Scope scope, Object state, Boolean isCompleted)
   at Microsoft.AspNetCore.Mvc.Infrastructure.ResourceInvoker.<InvokeAsync>g__Awaited|17_0(ResourceInvoker invoker, Task task, IDisposable scope)
   at Microsoft.AspNetCore.Routing.EndpointMiddleware.<Invoke>g__AwaitRequestTask|6_0(Endpoint endpoint, Task requestTask, ILogger logger)
   at Microsoft.AspNetCore.Authorization.AuthorizationMiddleware.Invoke(HttpContext context)
   at Swashbuckle.AspNetCore.SwaggerUI.SwaggerUIMiddleware.Invoke(HttpContext httpContext)
   at Swashbuckle.AspNetCore.Swagger.SwaggerMiddleware.Invoke(HttpContext httpContext, ISwaggerProvider swaggerProvider)
   at Microsoft.AspNetCore.Diagnostics.DeveloperExceptionPageMiddleware.Invoke(HttpContext context)
ERROR 05:24:31 An unhandled exception has occurred while executing the request.
System.NullReferenceException: Object reference not set to an instance of an object.
   at AccountMicroservice.Controllers.AccountController.<>c__DisplayClass7_0.<getCustomerAccounts>b__1(CurrentAccount cac) in C:\Users\Shruti Kumari\Desktop\MyProject\AccFol\AccountMicroservice\Controllers\AccountController.cs:line 63
   at System.Collections.Generic.List`1.Find(Predicate`1 match)
   at AccountMicroservice.Controllers.AccountController.getCustomerAccounts(Int32 id) in C:\Users\Shruti Kumari\Desktop\MyProject\AccFol\AccountMicroservice\Controllers\AccountController.cs:line 63
   at lambda_method(Closure , Object , Object[] )
   at Microsoft.Extensions.Internal.ObjectMethodExecutor.Execute(Object target, Object[] parameters)
   at Microsoft.AspNetCore.Mvc.Infrastructure.ActionMethodExecutor.SyncObjectResultExecutor.Execute(IActionResultTypeMapper mapper, ObjectMethodExecutor executor, Object controller, Object[] arguments)
   at Microsoft.AspNetCore.Mvc.Infrastructure.ControllerActionInvoker.InvokeActionMethodAsync()
   at Microsoft.AspNetCore.Mvc.Infrastructure.ControllerActionInvoker.Next(State& next, Scope& scope, Object& state, Boolean& isCompleted)
   at Microsoft.AspNetCore.Mvc.Infrastructure.ControllerActionInvoker.InvokeNextActionFilterAsync()
--- End of stack trace from previous location where exception was thrown ---
   at Microsoft.AspNetCore.Mvc.Infrastructure.ControllerActionInvoker.Rethrow(ActionExecutedContextSealed context)
   at Microsoft.AspNetCore.Mvc.Infrastructure.ControllerActionInvoker.Next(State& next, Scope& scope, Object& state, Boolean& isCompleted)
   at Microsoft.AspNetCore.Mvc.Infrastructure.ControllerActionInvoker.InvokeInnerFilterAsync()
--- End of stack trace from previous location where exception was thrown ---
   at Microsoft.AspNetCore.Mvc.Infrastructure.ResourceInvoker.<InvokeFilterPipelineAsync>g__Awaited|19_0(ResourceInvoker invoker, Task lastTask, State next, Scope scope, Object state, Boolean isCompleted)
   at Microsoft.AspNetCore.Mvc.Infrastructure.ResourceInvoker.<InvokeAsync>g__Awaited|17_0(ResourceInvoker invoker, Task task, IDisposable scope)
   at Microsoft.AspNetCore.Routing.EndpointMiddleware.<Invoke>g__AwaitRequestTask|6_0(Endpoint endpoint, Task requestTask, ILogger logger)
   at Microsoft.AspNetCore.Authorization.AuthorizationMiddleware.Invoke(HttpContext context)
   at Swashbuckle.AspNetCore.SwaggerUI.SwaggerUIMiddleware.Invoke(HttpContext httpContext)
   at Swashbuckle.AspNetCore.Swagger.SwaggerMiddleware.Invoke(HttpContext httpContext, ISwaggerProvider swaggerProvider)
   at Microsoft.AspNetCore.Diagnostics.DeveloperExceptionPageMiddleware.Invoke(HttpContext context)
INFO  05:24:47  Got Customer Account
ERROR 05:25:05 An unhandled exception has occurred while executing the request.
System.NullReferenceException: Object reference not set to an instance of an object.
   at AccountMicroservice.Controllers.AccountController.<>c__DisplayClass7_0.<getCustomerAccounts>b__1(CurrentAccount cac) in C:\Users\Shruti Kumari\Desktop\MyProject\AccFol\AccountMicroservice\Controllers\AccountController.cs:line 63
   at System.Collections.Generic.List`1.Find(Predicate`1 match)
   at AccountMicroservice.Controllers.AccountController.getCustomerAccounts(Int32 id) in C:\Users\Shruti Kumari\Desktop\MyProject\AccFol\AccountMicroservice\Controllers\AccountController.cs:line 63
   at lambda_method(Closure , Object , Object[] )
   at Microsoft.Extensions.Internal.ObjectMethodExecutor.Execute(Object target, Object[] parameters)
   at Microsoft.AspNetCore.Mvc.Infrastructure.ActionMethodExecutor.SyncObjectResultExecutor.Execute(IActionResultTypeMapper mapper, ObjectMethodExecutor executor, Object controller, Object[] arguments)
   at Microsoft.AspNetCore.Mvc.Infrastructure.ControllerActionInvoker.InvokeActionMethodAsync()
   at Microsoft.AspNetCore.Mvc.Infrastructure.ControllerActionInvoker.Next(State& next, Scope& scope, Object& state, Boolean& isCompleted)
   at Microsoft.AspNetCore.Mvc.Infrastructure.ControllerActionInvoker.InvokeNextActionFilterAsync()
--- End of stack trace from previous location where exception was thrown ---
   at Microsoft.AspNetCore.Mvc.Infrastructure.ControllerActionInvoker.Rethrow(ActionExecutedContextSealed context)
   at Microsoft.AspNetCore.Mvc.Infrastructure.ControllerActionInvoker.Next(State& next, Scope& scope, Object& state, Boolean& isCompleted)
   at Microsoft.AspNetCore.Mvc.Infrastructure.ControllerActionInvoker.InvokeInnerFilterAsync()
--- End of stack trace from previous location where exception was thrown ---
   at Microsoft.AspNetCore.Mvc.Infrastructure.ResourceInvoker.<InvokeFilterPipelineAsync>g__Awaited|19_0(ResourceInvoker invoker, Task lastTask, State next, Scope scope, Object state, Boolean isCompleted)
   at Microsoft.AspNetCore.Mvc.Infrastructure.ResourceInvoker.<InvokeAsync>g__Awaited|17_0(ResourceInvoker invoker, Task task, IDisposable scope)
   at Microsoft.AspNetCore.Routing.EndpointMiddleware.<Invoke>g__AwaitRequestTask|6_0(Endpoint endpoint, Task requestTask, ILogger logger)
   at Microsoft.AspNetCore.Authorization.AuthorizationMiddleware.Invoke(HttpContext context)
   at Swashbuckle.AspNetCore.SwaggerUI.SwaggerUIMiddleware.Invoke(HttpContext httpContext)
   at Swashbuckle.AspNetCore.Swagger.SwaggerMiddleware.Invoke(HttpContext httpContext, ISwaggerProvider swaggerProvider)
   at Microsoft.AspNetCore.Diagnostics.DeveloperExceptionPageMiddleware.Invoke(HttpContext context)
INFO  05:25:05  Got Customer Account
ERROR 05:25:05 An unhandled exception has occurred while executing the request.
System.NullReferenceException: Object reference not set to an instance of an object.
   at AccountMicroservice.Controllers.AccountController.<>c__DisplayClass7_0.<getCustomerAccounts>b__1(CurrentAccount cac) in C:\Users\Shruti Kumari\Desktop\MyProject\AccFol\AccountMicroservice\Controllers\AccountController.cs:line 63
   at System.Collections.Generic.List`1.Find(Predicate`1 match)
   at AccountMicroservice.Controllers.AccountController.getCustomerAccounts(Int32 id) in C:\Users\Shruti Kumari\Desktop\MyProject\AccFol\AccountMicroservice\Controllers\AccountController.cs:line 63
   at lambda_method(Closure , Object , Object[] )
   at Microsoft.Extensions.Internal.ObjectMethodExecutor.Execute(Object target, Object[] parameters)
   at Microsoft.AspNetCore.Mvc.Infrastructure.ActionMethodExecutor.SyncObjectResultExecutor.Execute(IActionResultTypeMapper mapper, ObjectMethodExecutor executor, Object controller, Object[] arguments)
   at Microsoft.AspNetCore.Mvc.Infrastructure.ControllerActionInvoker.InvokeActionMethodAsync()
   at Microsoft.AspNetCore.Mvc.Infrastructure.ControllerActionInvoker.Next(State& next, Scope& scope, Object& state, Boolean& isCompleted)
   at Microsoft.AspNetCore.Mvc.Infrastructure.ControllerActionInvoker.InvokeNextActionFilterAsync()
--- End of stack trace from previous location where exception was thrown ---
   at Microsoft.AspNetCore.Mvc.Infrastructure.ControllerActionInvoker.Rethrow(ActionExecutedContextSealed context)
   at Microsoft.AspNetCore.Mvc.Infrastructure.ControllerActionInvoker.Next(State& next, Scope& scope, Object& state, Boolean& isCompleted)
   at Microsoft.AspNetCore.Mvc.Infrastructure.ControllerActionInvoker.InvokeInnerFilterAsync()
--- End of stack trace from previous location where exception was thrown ---
   at Microsoft.AspNetCore.Mvc.Infrastructure.ResourceInvoker.<InvokeFilterPipelineAsync>g__Awaited|19_0(ResourceInvoker invoker, Task lastTask, State next, Scope scope, Object state, Boolean isCompleted)
   at Microsoft.AspNetCore.Mvc.Infrastructure.ResourceInvoker.<InvokeAsync>g__Awaited|17_0(ResourceInvoker invoker, Task task, IDisposable scope)
   at Microsoft.AspNetCore.Routing.EndpointMiddleware.<Invoke>g__AwaitRequestTask|6_0(Endpoint endpoint, Task requestTask, ILogger logger)
   at Microsoft.AspNetCore.Authorization.AuthorizationMiddleware.Invoke(HttpContext context)
   at Swashbuckle.AspNetCore.SwaggerUI.SwaggerUIMiddleware.Invoke(HttpContext httpContext)
   at Swashbuckle.AspNetCore.Swagger.SwaggerMiddleware.Invoke(HttpContext httpContext, ISwaggerProvider swaggerProvider)
   at Microsoft.AspNetCore.Diagnostics.DeveloperExceptionPageMiddleware.Invoke(HttpContext context)
INFO  05:25:10  Got Customer Account
INFO  07:50:02 Application started. Press Ctrl+C to shut down.
INFO  07:50:02 Application started. Press Ctrl+C to shut down.
INFO  07:50:02 Hosting environment: Development
INFO  07:50:02 Hosting environment: Development
INFO  07:50:02 Content root path: C:\Users\Shruti Kumari\Desktop\MyProject\AccFol\AccountMicroservice
INFO  07:50:02 Content root path: C:\Users\Shruti Kumari\Desktop\MyProject\AccFol\AccountMicroservice
INFO  08:03:34 Application started. Press Ctrl+C to shut down.
INFO  08:03:34 Application started. Press Ctrl+C to shut down.
INFO  08:03:34 Hosting environment: Development
INFO  08:03:34 Hosting environment: Development
INFO  08:03:34 Content root path: C:\Users\Shruti Kumari\Desktop\MyProject\AccFol\AccountMicroservice
INFO  08:03:34 Content root path: C:\Users\Shruti Kumari\Desktop\MyProject\AccFol\AccountMicroservice
INFO  08:10:53 Application started. Press Ctrl+C to shut down.
INFO  08:10:53 Application started. Press Ctrl+C to shut down.
INFO  08:10:53 Hosting environment: Development
INFO  08:10:53 Hosting environment: Development
INFO  08:10:53 Content root path: C:\Users\Shruti Kumari\Desktop\MyProject\AccFol\AccountMicroservice
INFO  08:10:53 Content root path: C:\Users\Shruti Kumari\Desktop\MyProject\AccFol\AccountMicroservice
INFO  08:12:47 Application started. Press Ctrl+C to shut down.
INFO  08:12:47 Application started. Press Ctrl+C to shut down.
INFO  08:12:47 Hosting environment: Development
INFO  08:12:47 Hosting environment: Development
INFO  08:12:47 Content root path: C:\Users\Shruti Kumari\Desktop\MyProject\AccFol\AccountMicroservice
INFO  08:12:47 Content root path: C:\Users\Shruti Kumari\Desktop\MyProject\AccFol\AccountMicroservice
INFO  09:11:56 Application started. Press Ctrl+C to shut down.
INFO  09:11:56 Application started. Press Ctrl+C to shut down.
INFO  09:11:56 Hosting environment: Development
INFO  09:11:56 Hosting environment: Development
INFO  09:11:56 Content root path: C:\Users\Shruti Kumari\Desktop\MyProject\AccFol\AccountMicroservice
INFO  09:11:56 Content root path: C:\Users\Shruti Kumari\Desktop\MyProject\AccFol\AccountMicroservice
INFO  09:12:26  Got Customer Account
INFO  09:12:43  Amount Deposited 
INFO  09:35:27 Application started. Press Ctrl+C to shut down.
INFO  09:35:27 Application started. Press Ctrl+C to shut down.
INFO  09:35:27 Hosting environment: Development
INFO  09:35:27 Hosting environment: Development
INFO  09:35:27 Content root path: C:\Users\Shruti Kumari\Desktop\MyProject\AccFol\AccountMicroservice
INFO  09:35:27 Content root path: C:\Users\Shruti Kumari\Desktop\MyProject\AccFol\AccountMicroservice
INFO  09:35:52  Got Customer Account
INFO  09:36:10 Amount Withdrawn
INFO  09:38:45 Application started. Press Ctrl+C to shut down.
INFO  09:38:45 Application started. Press Ctrl+C to shut down.
INFO  09:38:45 Hosting environment: Development
INFO  09:38:45 Hosting environment: Development
INFO  09:38:45 Content root path: C:\Users\Shruti Kumari\Desktop\MyProject\AccFol\AccountMicroservice
INFO  09:38:45 Content root path: C:\Users\Shruti Kumari\Desktop\MyProject\AccFol\AccountMicroservice
INFO  09:39:00  Got Customer Account
INFO  09:39:18 Amount Withdrawn
INFO  09:55:43 Application started. Press Ctrl+C to shut down.
INFO  09:55:43 Application started. Press Ctrl+C to shut down.
INFO  09:55:43 Hosting environment: Development
INFO  09:55:43 Hosting environment: Development
INFO  09:55:43 Content root path: C:\Users\Shruti Kumari\Desktop\MyProject\AccFol\AccountMicroservice
INFO  09:55:43 Content root path: C:\Users\Shruti Kumari\Desktop\MyProject\AccFol\AccountMicroservice
INFO  09:55:52  Got Customer Account
INFO  09:56:09 Amount Withdrawn
INFO  09:56:19 Amount Withdrawn
INFO  09:56:38  Got Customer Account
INFO  09:59:34 Application started. Press Ctrl+C to shut down.
INFO  09:59:34 Application started. Press Ctrl+C to shut down.
INFO  09:59:34 Hosting environment: Development
INFO  09:59:34 Hosting environment: Development
INFO  09:59:34 Content root path: C:\Users\Shruti Kumari\Desktop\MyProject\AccFol\AccountMicroservice
INFO  09:59:34 Content root path: C:\Users\Shruti Kumari\Desktop\MyProject\AccFol\AccountMicroservice
INFO  09:59:45  Got Customer Account
INFO  10:00:05 Amount Withdrawn
INFO  10:00:13  Got Customer Account
INFO  10:01:58 Application started. Press Ctrl+C to shut down.
INFO  10:01:58 Application started. Press Ctrl+C to shut down.
INFO  10:01:58 Hosting environment: Development
INFO  10:01:58 Hosting environment: Development
INFO  10:01:58 Content root path: C:\Users\Shruti Kumari\Desktop\MyProject\AccFol\AccountMicroservice
INFO  10:01:58 Content root path: C:\Users\Shruti Kumari\Desktop\MyProject\AccFol\AccountMicroservice
INFO  10:02:08  Got Customer Account
INFO  10:02:29 Amount Withdrawn
INFO  10:02:36  Got Customer Account
INFO  10:06:45 Application started. Press Ctrl+C to shut down.
INFO  10:06:45 Application started. Press Ctrl+C to shut down.
INFO  10:06:45 Hosting environment: Development
INFO  10:06:45 Hosting environment: Development
INFO  10:06:45 Content root path: C:\Users\Shruti Kumari\Desktop\MyProject\AccFol\AccountMicroservice
INFO  10:06:45 Content root path: C:\Users\Shruti Kumari\Desktop\MyProject\AccFol\AccountMicroservice
INFO  10:06:55  Getting Account Info
INFO  10:07:57 Application started. Press Ctrl+C to shut down.
INFO  10:07:57 Application started. Press Ctrl+C to shut down.
INFO  10:07:57 Hosting environment: Development
INFO  10:07:57 Hosting environment: Development
INFO  10:07:57 Content root path: C:\Users\Shruti Kumari\Desktop\MyProject\AccFol\AccountMicroservice
INFO  10:07:57 Content root path: C:\Users\Shruti Kumari\Desktop\MyProject\AccFol\AccountMicroservice
INFO  10:08:07  Got Customer Account
INFO  10:08:32 Amount Withdrawn
INFO  10:08:38  Got Customer Account
INFO  10:11:22 Application started. Press Ctrl+C to shut down.
INFO  10:11:22 Application started. Press Ctrl+C to shut down.
INFO  10:11:22 Hosting environment: Development
INFO  10:11:22 Hosting environment: Development
INFO  10:11:22 Content root path: C:\Users\Shruti Kumari\Desktop\MyProject\AccFol\AccountMicroservice
INFO  10:11:22 Content root path: C:\Users\Shruti Kumari\Desktop\MyProject\AccFol\AccountMicroservice
INFO  10:11:38  Got Customer Account
INFO  10:12:06 Amount Withdrawn
INFO  10:12:14  Got Customer Account
INFO  10:12:17  Got Customer Account
INFO  10:12:26 Amount Withdrawn
INFO  10:12:31  Got Customer Account
INFO  10:13:18 Application started. Press Ctrl+C to shut down.
INFO  10:13:18 Application started. Press Ctrl+C to shut down.
INFO  10:13:18 Hosting environment: Development
INFO  10:13:18 Hosting environment: Development
INFO  10:13:18 Content root path: C:\Users\Shruti Kumari\Desktop\MyProject\AccFol\AccountMicroservice
INFO  10:13:18 Content root path: C:\Users\Shruti Kumari\Desktop\MyProject\AccFol\AccountMicroservice
INFO  10:13:28  Got Customer Account
INFO  10:13:43 Amount Withdrawn
INFO  10:13:48  Got Customer Account
INFO  09:44:20 Application started. Press Ctrl+C to shut down.
INFO  09:44:20 Application started. Press Ctrl+C to shut down.
INFO  09:44:20 Hosting environment: Development
INFO  09:44:20 Hosting environment: Development
INFO  09:44:20 Content root path: C:\Users\Shruti Kumari\Desktop\MyProject\AccountMicroservice
INFO  09:44:20 Content root path: C:\Users\Shruti Kumari\Desktop\MyProject\AccountMicroservice
INFO  09:46:15 Amount Withdrawn
INFO  09:48:13 Amount Withdrawn
INFO  09:48:36 Amount Withdrawn
INFO  11:26:56  Got Customer Account
INFO  11:26:56  Got Customer Account
ERROR 11:27:38 An unhandled exception has occurred while executing the request.
System.AggregateException: One or more errors occurred. (No connection could be made because the target machine actively refused it.)
 ---> System.Net.Http.HttpRequestException: No connection could be made because the target machine actively refused it.
 ---> System.Net.Sockets.SocketException (10061): No connection could be made because the target machine actively refused it.
   at System.Net.Http.ConnectHelper.ConnectAsync(String host, Int32 port, CancellationToken cancellationToken)
   --- End of inner exception stack trace ---
   at System.Net.Http.ConnectHelper.ConnectAsync(String host, Int32 port, CancellationToken cancellationToken)
   at System.Net.Http.HttpConnectionPool.ConnectAsync(HttpRequestMessage request, Boolean allowHttp2, CancellationToken cancellationToken)
   at System.Net.Http.HttpConnectionPool.CreateHttp11ConnectionAsync(HttpRequestMessage request, CancellationToken cancellationToken)
   at System.Net.Http.HttpConnectionPool.GetHttpConnectionAsync(HttpRequestMessage request, CancellationToken cancellationToken)
   at System.Net.Http.HttpConnectionPool.SendWithRetryAsync(HttpRequestMessage request, Boolean doRequestAuth, CancellationToken cancellationToken)
   at System.Net.Http.RedirectHandler.SendAsync(HttpRequestMessage request, CancellationToken cancellationToken)
   at System.Net.Http.DiagnosticsHandler.SendAsync(HttpRequestMessage request, CancellationToken cancellationToken)
   at System.Net.Http.HttpClient.FinishSendAsyncBuffered(Task`1 sendTask, HttpRequestMessage request, CancellationTokenSource cts, Boolean disposeCts)
   --- End of inner exception stack trace ---
   at System.Threading.Tasks.Task.ThrowIfExceptional(Boolean includeTaskCanceledExceptions)
   at System.Threading.Tasks.Task`1.GetResultCore(Boolean waitCompletionNotification)
   at System.Threading.Tasks.Task`1.get_Result()
   at AccountMicroservice.Controllers.AccountController.deposit(dwacc value) in C:\Users\Shruti Kumari\Desktop\MyProject\AccountMicroservice\Controllers\AccountController.cs:line 164
   at lambda_method(Closure , Object , Object[] )
   at Microsoft.Extensions.Internal.ObjectMethodExecutor.Execute(Object target, Object[] parameters)
   at Microsoft.AspNetCore.Mvc.Infrastructure.ActionMethodExecutor.SyncObjectResultExecutor.Execute(IActionResultTypeMapper mapper, ObjectMethodExecutor executor, Object controller, Object[] arguments)
   at Microsoft.AspNetCore.Mvc.Infrastructure.ControllerActionInvoker.InvokeActionMethodAsync()
   at Microsoft.AspNetCore.Mvc.Infrastructure.ControllerActionInvoker.Next(State& next, Scope& scope, Object& state, Boolean& isCompleted)
   at Microsoft.AspNetCore.Mvc.Infrastructure.ControllerActionInvoker.InvokeNextActionFilterAsync()
--- End of stack trace from previous location where exception was thrown ---
   at Microsoft.AspNetCore.Mvc.Infrastructure.ControllerActionInvoker.Rethrow(ActionExecutedContextSealed context)
   at Microsoft.AspNetCore.Mvc.Infrastructure.ControllerActionInvoker.Next(State& next, Scope& scope, Object& state, Boolean& isCompleted)
   at Microsoft.AspNetCore.Mvc.Infrastructure.ControllerActionInvoker.InvokeInnerFilterAsync()
--- End of stack trace from previous location where exception was thrown ---
   at Microsoft.AspNetCore.Mvc.Infrastructure.ResourceInvoker.<InvokeFilterPipelineAsync>g__Awaited|19_0(ResourceInvoker invoker, Task lastTask, State next, Scope scope, Object state, Boolean isCompleted)
   at Microsoft.AspNetCore.Mvc.Infrastructure.ResourceInvoker.<InvokeAsync>g__Awaited|17_0(ResourceInvoker invoker, Task task, IDisposable scope)
   at Microsoft.AspNetCore.Routing.EndpointMiddleware.<Invoke>g__AwaitRequestTask|6_0(Endpoint endpoint, Task requestTask, ILogger logger)
   at Microsoft.AspNetCore.Authorization.AuthorizationMiddleware.Invoke(HttpContext context)
   at Swashbuckle.AspNetCore.SwaggerUI.SwaggerUIMiddleware.Invoke(HttpContext httpContext)
   at Swashbuckle.AspNetCore.Swagger.SwaggerMiddleware.Invoke(HttpContext httpContext, ISwaggerProvider swaggerProvider)
   at Microsoft.AspNetCore.Diagnostics.DeveloperExceptionPageMiddleware.Invoke(HttpContext context)
ERROR 11:27:38 An unhandled exception has occurred while executing the request.
System.AggregateException: One or more errors occurred. (No connection could be made because the target machine actively refused it.)
 ---> System.Net.Http.HttpRequestException: No connection could be made because the target machine actively refused it.
 ---> System.Net.Sockets.SocketException (10061): No connection could be made because the target machine actively refused it.
   at System.Net.Http.ConnectHelper.ConnectAsync(String host, Int32 port, CancellationToken cancellationToken)
   --- End of inner exception stack trace ---
   at System.Net.Http.ConnectHelper.ConnectAsync(String host, Int32 port, CancellationToken cancellationToken)
   at System.Net.Http.HttpConnectionPool.ConnectAsync(HttpRequestMessage request, Boolean allowHttp2, CancellationToken cancellationToken)
   at System.Net.Http.HttpConnectionPool.CreateHttp11ConnectionAsync(HttpRequestMessage request, CancellationToken cancellationToken)
   at System.Net.Http.HttpConnectionPool.GetHttpConnectionAsync(HttpRequestMessage request, CancellationToken cancellationToken)
   at System.Net.Http.HttpConnectionPool.SendWithRetryAsync(HttpRequestMessage request, Boolean doRequestAuth, CancellationToken cancellationToken)
   at System.Net.Http.RedirectHandler.SendAsync(HttpRequestMessage request, CancellationToken cancellationToken)
   at System.Net.Http.DiagnosticsHandler.SendAsync(HttpRequestMessage request, CancellationToken cancellationToken)
   at System.Net.Http.HttpClient.FinishSendAsyncBuffered(Task`1 sendTask, HttpRequestMessage request, CancellationTokenSource cts, Boolean disposeCts)
   --- End of inner exception stack trace ---
   at System.Threading.Tasks.Task.ThrowIfExceptional(Boolean includeTaskCanceledExceptions)
   at System.Threading.Tasks.Task`1.GetResultCore(Boolean waitCompletionNotification)
   at System.Threading.Tasks.Task`1.get_Result()
   at AccountMicroservice.Controllers.AccountController.deposit(dwacc value) in C:\Users\Shruti Kumari\Desktop\MyProject\AccountMicroservice\Controllers\AccountController.cs:line 164
   at lambda_method(Closure , Object , Object[] )
   at Microsoft.Extensions.Internal.ObjectMethodExecutor.Execute(Object target, Object[] parameters)
   at Microsoft.AspNetCore.Mvc.Infrastructure.ActionMethodExecutor.SyncObjectResultExecutor.Execute(IActionResultTypeMapper mapper, ObjectMethodExecutor executor, Object controller, Object[] arguments)
   at Microsoft.AspNetCore.Mvc.Infrastructure.ControllerActionInvoker.InvokeActionMethodAsync()
   at Microsoft.AspNetCore.Mvc.Infrastructure.ControllerActionInvoker.Next(State& next, Scope& scope, Object& state, Boolean& isCompleted)
   at Microsoft.AspNetCore.Mvc.Infrastructure.ControllerActionInvoker.InvokeNextActionFilterAsync()
--- End of stack trace from previous location where exception was thrown ---
   at Microsoft.AspNetCore.Mvc.Infrastructure.ControllerActionInvoker.Rethrow(ActionExecutedContextSealed context)
   at Microsoft.AspNetCore.Mvc.Infrastructure.ControllerActionInvoker.Next(State& next, Scope& scope, Object& state, Boolean& isCompleted)
   at Microsoft.AspNetCore.Mvc.Infrastructure.ControllerActionInvoker.InvokeInnerFilterAsync()
--- End of stack trace from previous location where exception was thrown ---
   at Microsoft.AspNetCore.Mvc.Infrastructure.ResourceInvoker.<InvokeFilterPipelineAsync>g__Awaited|19_0(ResourceInvoker invoker, Task lastTask, State next, Scope scope, Object state, Boolean isCompleted)
   at Microsoft.AspNetCore.Mvc.Infrastructure.ResourceInvoker.<InvokeAsync>g__Awaited|17_0(ResourceInvoker invoker, Task task, IDisposable scope)
   at Microsoft.AspNetCore.Routing.EndpointMiddleware.<Invoke>g__AwaitRequestTask|6_0(Endpoint endpoint, Task requestTask, ILogger logger)
   at Microsoft.AspNetCore.Authorization.AuthorizationMiddleware.Invoke(HttpContext context)
   at Swashbuckle.AspNetCore.SwaggerUI.SwaggerUIMiddleware.Invoke(HttpContext httpContext)
   at Swashbuckle.AspNetCore.Swagger.SwaggerMiddleware.Invoke(HttpContext httpContext, ISwaggerProvider swaggerProvider)
   at Microsoft.AspNetCore.Diagnostics.DeveloperExceptionPageMiddleware.Invoke(HttpContext context)
INFO  12:35:02 Application started. Press Ctrl+C to shut down.
INFO  12:35:02 Application started. Press Ctrl+C to shut down.
INFO  12:35:02 Hosting environment: Development
INFO  12:35:02 Hosting environment: Development
INFO  12:35:02 Content root path: E:\MFPE-Pod6\AccountMicroservice
INFO  12:35:02 Content root path: E:\MFPE-Pod6\AccountMicroservice
INFO  12:36:07  Got Customer Account
INFO  12:41:00 Application started. Press Ctrl+C to shut down.
INFO  12:41:00 Application started. Press Ctrl+C to shut down.
INFO  12:41:00 Hosting environment: Development
INFO  12:41:00 Hosting environment: Development
INFO  12:41:00 Content root path: E:\MFPE-Pod6\AccountMicroservice
INFO  12:41:00 Content root path: E:\MFPE-Pod6\AccountMicroservice
INFO  12:43:55 Application started. Press Ctrl+C to shut down.
INFO  12:43:55 Application started. Press Ctrl+C to shut down.
INFO  12:43:55 Hosting environment: Development
INFO  12:43:55 Hosting environment: Development
INFO  12:43:55 Content root path: E:\MFPE-Pod6\AccountMicroservice
INFO  12:43:55 Content root path: E:\MFPE-Pod6\AccountMicroservice
INFO  12:48:11 Application started. Press Ctrl+C to shut down.
INFO  12:48:11 Application started. Press Ctrl+C to shut down.
INFO  12:48:11 Hosting environment: Development
INFO  12:48:11 Hosting environment: Development
INFO  12:48:11 Content root path: E:\MFPE-Pod6\AccountMicroservice
INFO  12:48:11 Content root path: E:\MFPE-Pod6\AccountMicroservice
INFO  12:51:56 Application started. Press Ctrl+C to shut down.
INFO  12:51:56 Application started. Press Ctrl+C to shut down.
INFO  12:51:56 Hosting environment: Development
INFO  12:51:56 Hosting environment: Development
INFO  12:51:56 Content root path: E:\MFPE-Pod6\AccountMicroservice
INFO  12:51:56 Content root path: E:\MFPE-Pod6\AccountMicroservice
INFO  12:57:45 Application started. Press Ctrl+C to shut down.
INFO  12:57:45 Application started. Press Ctrl+C to shut down.
INFO  12:57:45 Hosting environment: Development
INFO  12:57:45 Hosting environment: Development
INFO  12:57:45 Content root path: E:\MFPE-Pod6\AccountMicroservice
INFO  12:57:45 Content root path: E:\MFPE-Pod6\AccountMicroservice
INFO  12:58:31  Getting Account Info
INFO  01:00:11 Application started. Press Ctrl+C to shut down.
INFO  01:00:11 Application started. Press Ctrl+C to shut down.
INFO  01:00:11 Hosting environment: Development
INFO  01:00:11 Hosting environment: Development
INFO  01:00:11 Content root path: E:\MFPE-Pod6\AccountMicroservice
INFO  01:00:11 Content root path: E:\MFPE-Pod6\AccountMicroservice
INFO  01:01:09  Getting Account Info
INFO  02:12:11 Application started. Press Ctrl+C to shut down.
INFO  02:12:11 Application started. Press Ctrl+C to shut down.
INFO  02:12:11 Hosting environment: Development
INFO  02:12:11 Hosting environment: Development
INFO  02:12:11 Content root path: E:\MFPE-Pod6\AccountMicroservice
INFO  02:12:11 Content root path: E:\MFPE-Pod6\AccountMicroservice
INFO  05:09:33 Application started. Press Ctrl+C to shut down.
INFO  05:09:33 Application started. Press Ctrl+C to shut down.
INFO  05:09:33 Hosting environment: Development
INFO  05:09:33 Hosting environment: Development
INFO  05:09:33 Content root path: E:\MFPE-Pod6\AccountMicroservice
INFO  05:09:33 Content root path: E:\MFPE-Pod6\AccountMicroservice
INFO  05:09:55  Got Customer Account
INFO  05:10:13  Getting Account Info
INFO  05:10:30  Amount Deposited 
INFO  05:11:59  Amount Deposited 
INFO  05:12:53 Amount Withdrawn
INFO  05:13:18 Amount Transferred
INFO  08:53:21 Application started. Press Ctrl+C to shut down.
INFO  08:53:21 Application started. Press Ctrl+C to shut down.
INFO  08:53:21 Hosting environment: Development
INFO  08:53:21 Hosting environment: Development
INFO  08:53:21 Content root path: E:\MFPE-Pod6\AccountMicroservice
INFO  08:53:21 Content root path: E:\MFPE-Pod6\AccountMicroservice
INFO  11:20:59 Application started. Press Ctrl+C to shut down.
INFO  11:21:02 Application started. Press Ctrl+C to shut down.
INFO  11:21:03 Hosting environment: Development
INFO  11:21:03 Hosting environment: Development
INFO  11:21:03 Content root path: C:\Users\Shruti Kumari\Desktop\MyProject\Updated\AccountMicroservice
INFO  11:21:03 Content root path: C:\Users\Shruti Kumari\Desktop\MyProject\Updated\AccountMicroservice
INFO  11:21:21  Got Customer Account
INFO  11:21:44  Amount Deposited 
INFO  11:21:56  Got Customer Account
INFO  11:24:57 Application started. Press Ctrl+C to shut down.
INFO  11:24:57 Application started. Press Ctrl+C to shut down.
INFO  11:24:57 Hosting environment: Development
INFO  11:24:57 Hosting environment: Development
INFO  11:24:57 Content root path: C:\Users\Shruti Kumari\Desktop\MyProject\Updated\AccountMicroservice
INFO  11:24:57 Content root path: C:\Users\Shruti Kumari\Desktop\MyProject\Updated\AccountMicroservice
INFO  11:25:16  Got Customer Account
INFO  11:25:47  Amount Deposited 
INFO  11:26:02  Got Customer Account
INFO  11:26:30 Amount Withdrawn
INFO  11:34:06 Application started. Press Ctrl+C to shut down.
INFO  11:34:06 Application started. Press Ctrl+C to shut down.
INFO  11:34:06 Hosting environment: Development
INFO  11:34:06 Hosting environment: Development
INFO  11:34:06 Content root path: C:\Users\Shruti Kumari\Desktop\MyProject\Updated\AccountMicroservice
INFO  11:34:06 Content root path: C:\Users\Shruti Kumari\Desktop\MyProject\Updated\AccountMicroservice
INFO  11:34:31  Got Customer Account
INFO  11:34:47 Amount Withdrawn
INFO  11:34:58  Got Customer Account
INFO  12:21:10 Application started. Press Ctrl+C to shut down.
INFO  12:21:10 Application started. Press Ctrl+C to shut down.
INFO  12:21:10 Hosting environment: Development
INFO  12:21:10 Hosting environment: Development
INFO  12:21:10 Content root path: C:\Users\Shruti Kumari\Desktop\MyProject\Updated\AccountMicroservice
INFO  12:21:10 Content root path: C:\Users\Shruti Kumari\Desktop\MyProject\Updated\AccountMicroservice
INFO  12:22:00  Got Customer Account
INFO  12:22:24 Amount Withdrawn
INFO  12:22:28  Getting Account Info
INFO  12:23:14 Amount Withdrawn
INFO  12:23:15  Getting Account Info
INFO  12:28:04 Application started. Press Ctrl+C to shut down.
INFO  12:28:04 Application started. Press Ctrl+C to shut down.
INFO  12:28:04 Hosting environment: Development
INFO  12:28:04 Hosting environment: Development
INFO  12:28:04 Content root path: C:\Users\Shruti Kumari\Desktop\MyProject\Updated\AccountMicroservice
INFO  12:28:04 Content root path: C:\Users\Shruti Kumari\Desktop\MyProject\Updated\AccountMicroservice
INFO  12:28:13  Got Customer Account
INFO  12:28:36 Amount Withdrawn
INFO  12:28:42  Getting Account Info
INFO  12:31:24 Application started. Press Ctrl+C to shut down.
INFO  12:31:24 Application started. Press Ctrl+C to shut down.
INFO  12:31:24 Hosting environment: Development
INFO  12:31:24 Hosting environment: Development
INFO  12:31:24 Content root path: C:\Users\Shruti Kumari\Desktop\MyProject\Updated\AccountMicroservice
INFO  12:31:24 Content root path: C:\Users\Shruti Kumari\Desktop\MyProject\Updated\AccountMicroservice
INFO  12:31:49  Getting Account Info
INFO  12:35:01  Getting Account Info
INFO  12:36:19  Getting Account Info
INFO  12:45:18 Application started. Press Ctrl+C to shut down.
INFO  12:45:18 Application started. Press Ctrl+C to shut down.
INFO  12:45:18 Hosting environment: Development
INFO  12:45:18 Hosting environment: Development
INFO  12:45:18 Content root path: C:\Users\Shruti Kumari\Desktop\MyProject\Updated\AccountMicroservice
INFO  12:45:18 Content root path: C:\Users\Shruti Kumari\Desktop\MyProject\Updated\AccountMicroservice
INFO  12:45:41  Getting Account Info
INFO  12:46:14  Getting Account Info
INFO  12:47:21  Got Customer Account
INFO  12:47:37  Amount Deposited 
INFO  12:48:06 Amount Withdrawn
INFO  12:48:08  Getting Account Info
INFO  12:50:43  Getting Account Info
INFO  01:02:38  Getting Account Info
INFO  01:09:57 Application started. Press Ctrl+C to shut down.
INFO  01:09:57 Application started. Press Ctrl+C to shut down.
INFO  01:09:57 Hosting environment: Development
INFO  01:09:57 Hosting environment: Development
INFO  01:09:57 Content root path: C:\Users\Shruti Kumari\Desktop\MyProject\Updated\AccountMicroservice
INFO  01:09:57 Content root path: C:\Users\Shruti Kumari\Desktop\MyProject\Updated\AccountMicroservice
INFO  01:10:50  Getting Account Info
INFO  01:13:18  Getting Account Info
INFO  01:14:46 Application started. Press Ctrl+C to shut down.
INFO  01:14:46 Application started. Press Ctrl+C to shut down.
INFO  01:14:46 Hosting environment: Development
INFO  01:14:46 Hosting environment: Development
INFO  01:14:46 Content root path: C:\Users\Shruti Kumari\Desktop\MyProject\Updated\AccountMicroservice
INFO  01:14:46 Content root path: C:\Users\Shruti Kumari\Desktop\MyProject\Updated\AccountMicroservice
INFO  01:15:45  Got Customer Account
INFO  01:16:03 Amount Withdrawn
INFO  01:16:09  Getting Account Info
INFO  01:21:52 Application started. Press Ctrl+C to shut down.
INFO  01:21:52 Application started. Press Ctrl+C to shut down.
INFO  01:21:52 Hosting environment: Development
INFO  01:21:52 Hosting environment: Development
INFO  01:21:52 Content root path: C:\Users\Shruti Kumari\Desktop\MyProject\Updated\AccountMicroservice
INFO  01:21:52 Content root path: C:\Users\Shruti Kumari\Desktop\MyProject\Updated\AccountMicroservice
INFO  01:22:09  Got Customer Account
INFO  01:22:24 Amount Withdrawn
INFO  01:22:27  Getting Account Info
INFO  01:33:58 Application started. Press Ctrl+C to shut down.
INFO  01:33:58 Application started. Press Ctrl+C to shut down.
INFO  01:33:58 Hosting environment: Development
INFO  01:33:58 Hosting environment: Development
INFO  01:33:58 Content root path: C:\Users\Shruti Kumari\Desktop\MyProject\Updated\AccountMicroservice
INFO  01:33:58 Content root path: C:\Users\Shruti Kumari\Desktop\MyProject\Updated\AccountMicroservice
INFO  01:34:09  Got Customer Account
INFO  01:34:58 Amount Transferred
INFO  01:35:01  Getting Account Info
INFO  01:39:50 Application started. Press Ctrl+C to shut down.
INFO  01:39:50 Application started. Press Ctrl+C to shut down.
INFO  01:39:51 Hosting environment: Development
INFO  01:39:51 Hosting environment: Development
INFO  01:39:51 Content root path: C:\Users\Shruti Kumari\Desktop\MyProject\Updated\AccountMicroservice
INFO  01:39:51 Content root path: C:\Users\Shruti Kumari\Desktop\MyProject\Updated\AccountMicroservice
INFO  01:40:01  Got Customer Account
INFO  01:40:18  Amount Deposited 
INFO  09:20:44 Application started. Press Ctrl+C to shut down.
INFO  09:20:44 Application started. Press Ctrl+C to shut down.
INFO  09:20:44 Hosting environment: Development
INFO  09:20:44 Hosting environment: Development
INFO  09:20:44 Content root path: E:\BankRetailSystem\Updated\AccountMicroservice
INFO  09:20:44 Content root path: E:\BankRetailSystem\Updated\AccountMicroservice
INFO  09:23:10 Application started. Press Ctrl+C to shut down.
INFO  09:23:10 Application started. Press Ctrl+C to shut down.
INFO  09:23:10 Hosting environment: Development
INFO  09:23:10 Hosting environment: Development
INFO  09:23:10 Content root path: E:\BankRetailSystem\Updated\AccountMicroservice
INFO  09:23:10 Content root path: E:\BankRetailSystem\Updated\AccountMicroservice
INFO  09:24:23 Application started. Press Ctrl+C to shut down.
INFO  09:24:23 Application started. Press Ctrl+C to shut down.
INFO  09:24:23 Hosting environment: Development
INFO  09:24:23 Hosting environment: Development
INFO  09:24:23 Content root path: E:\BankRetailSystem\Updated\AccountMicroservice
INFO  09:24:23 Content root path: E:\BankRetailSystem\Updated\AccountMicroservice
INFO  09:24:50 Application started. Press Ctrl+C to shut down.
INFO  09:24:50 Application started. Press Ctrl+C to shut down.
INFO  09:24:50 Hosting environment: Development
INFO  09:24:50 Hosting environment: Development
INFO  09:24:50 Content root path: E:\BankRetailSystem\Updated\AccountMicroservice
INFO  09:24:50 Content root path: E:\BankRetailSystem\Updated\AccountMicroservice
INFO  09:25:09 Account Created
INFO  09:25:28  Got Customer Account
INFO  09:26:40  Getting Account Info
INFO  09:38:33 Application started. Press Ctrl+C to shut down.
INFO  09:38:33 Application started. Press Ctrl+C to shut down.
INFO  09:38:33 Hosting environment: Development
INFO  09:38:33 Hosting environment: Development
INFO  09:38:33 Content root path: E:\BankRetailSystem\Updated\AccountMicroservice
INFO  09:38:33 Content root path: E:\BankRetailSystem\Updated\AccountMicroservice
INFO  09:39:26 Account Created
INFO  09:40:01  Got Customer Account
INFO  09:40:20  Getting Account Info
INFO  09:40:33  Amount Deposited 
INFO  09:40:43  Getting Account Info
INFO  09:40:45  Getting Account Info
INFO  09:41:01 Amount Withdrawn
INFO  09:41:03  Getting Account Info
INFO  09:41:27 Amount Transferred
INFO  09:41:28  Getting Account Info
INFO  09:41:48  Got Customer Account
INFO  11:45:48 Application started. Press Ctrl+C to shut down.
INFO  11:45:48 Application started. Press Ctrl+C to shut down.
INFO  11:45:48 Hosting environment: Development
INFO  11:45:48 Hosting environment: Development
INFO  11:45:48 Content root path: E:\BankRetailSystem\Updated\AccountMicroservice
INFO  11:45:48 Content root path: E:\BankRetailSystem\Updated\AccountMicroservice
INFO  11:46:14  Got Customer Account
INFO  11:48:11 Application started. Press Ctrl+C to shut down.
INFO  11:48:11 Application started. Press Ctrl+C to shut down.
INFO  11:48:11 Hosting environment: Development
INFO  11:48:11 Hosting environment: Development
INFO  11:48:11 Content root path: E:\BankRetailSystem\Updated\AccountMicroservice
INFO  11:48:11 Content root path: E:\BankRetailSystem\Updated\AccountMicroservice
INFO  11:48:27  Got Customer Account
INFO  11:56:13 Application started. Press Ctrl+C to shut down.
INFO  11:56:13 Application started. Press Ctrl+C to shut down.
INFO  11:56:13 Hosting environment: Development
INFO  11:56:13 Hosting environment: Development
INFO  11:56:13 Content root path: E:\BankRetailSystem\Updated\AccountMicroservice
INFO  11:56:13 Content root path: E:\BankRetailSystem\Updated\AccountMicroservice
INFO  11:56:34  Got Customer Account
INFO  12:05:45 Application started. Press Ctrl+C to shut down.
INFO  12:05:45 Application started. Press Ctrl+C to shut down.
INFO  12:05:45 Hosting environment: Development
INFO  12:05:45 Hosting environment: Development
INFO  12:05:45 Content root path: E:\BankRetailSystem\Updated\AccountMicroservice
INFO  12:05:45 Content root path: E:\BankRetailSystem\Updated\AccountMicroservice
INFO  12:06:07  Got Customer Account
INFO  12:06:18  Amount Deposited 
INFO  12:06:19  Got Customer Account
INFO  12:11:32 Application started. Press Ctrl+C to shut down.
INFO  12:11:32 Application started. Press Ctrl+C to shut down.
INFO  12:11:32 Hosting environment: Development
INFO  12:11:32 Hosting environment: Development
INFO  12:11:32 Content root path: E:\BankRetailSystem\Updated\AccountMicroservice
INFO  12:11:32 Content root path: E:\BankRetailSystem\Updated\AccountMicroservice
INFO  12:12:00  Got Customer Account
INFO  12:13:28  Got Customer Account
INFO  12:13:37  Amount Deposited 
INFO  12:13:38  Got Customer Account
INFO  12:13:56  Amount Deposited 
INFO  12:13:56  Got Customer Account
INFO  12:14:10  Amount Deposited 
INFO  12:14:11  Got Customer Account
INFO  12:15:21  Got Customer Account
INFO  12:15:35 Amount Withdrawn
INFO  12:15:37  Getting Account Info
INFO  12:15:38  Got Customer Account
INFO  12:20:26  Got Customer Account
INFO  12:20:41 Amount Transferred
INFO  12:20:41  Getting Account Info
INFO  12:20:41  Got Customer Account
INFO  12:21:04 Amount Transferred
INFO  12:21:05  Getting Account Info
INFO  12:21:05  Got Customer Account
INFO  12:25:46  Got Customer Account
INFO  12:36:51 Application started. Press Ctrl+C to shut down.
INFO  12:36:51 Application started. Press Ctrl+C to shut down.
INFO  12:36:51 Hosting environment: Development
INFO  12:36:51 Hosting environment: Development
INFO  12:36:51 Content root path: E:\BankRetailSystem\Updated\AccountMicroservice
INFO  12:36:51 Content root path: E:\BankRetailSystem\Updated\AccountMicroservice
INFO  12:37:09  Got Customer Account
INFO  12:37:20  Amount Deposited 
INFO  12:41:06  Got Customer Account
INFO  12:41:20  Got Customer Account
INFO  12:41:28  Amount Deposited 
INFO  12:42:18  Got Customer Account
INFO  12:42:28  Amount Deposited 
INFO  12:42:32  Got Customer Account
INFO  12:49:18  Got Customer Account
INFO  12:49:28 Amount Withdrawn
INFO  12:49:29  Getting Account Info
INFO  12:49:37  Got Customer Account
INFO  12:49:45 Amount Withdrawn
INFO  12:49:45  Getting Account Info
INFO  12:49:52  Got Customer Account
INFO  12:50:00 Amount Withdrawn
INFO  12:50:00  Getting Account Info
INFO  12:50:06  Got Customer Account
INFO  12:50:14 Amount Withdrawn
INFO  12:50:14  Getting Account Info
INFO  12:50:18  Got Customer Account
INFO  12:50:27  Amount Deposited 
INFO  12:50:30  Got Customer Account
INFO  12:56:59  Got Customer Account
INFO  12:57:10 Amount Transferred
INFO  12:57:11  Getting Account Info
INFO  12:57:11  Got Customer Account
INFO  12:58:17  Got Customer Account
INFO  12:58:32 Amount Transferred
INFO  12:58:32  Getting Account Info
INFO  12:59:40  Got Customer Account
INFO  12:59:54 Amount Transferred
INFO  12:59:54  Getting Account Info
INFO  12:59:57  Got Customer Account
INFO  03:13:11 Application started. Press Ctrl+C to shut down.
INFO  03:13:11 Application started. Press Ctrl+C to shut down.
INFO  03:13:11 Hosting environment: Development
INFO  03:13:11 Hosting environment: Development
INFO  03:13:11 Content root path: E:\BankRetailSystem\Updated\AccountMicroservice
INFO  03:13:11 Content root path: E:\BankRetailSystem\Updated\AccountMicroservice
INFO  03:18:40 Account Created
INFO  03:39:53 Application started. Press Ctrl+C to shut down.
INFO  03:39:53 Application started. Press Ctrl+C to shut down.
INFO  03:39:53 Hosting environment: Development
INFO  03:39:53 Hosting environment: Development
INFO  03:39:53 Content root path: E:\BankRetailSystem\Updated\AccountMicroservice
INFO  03:39:53 Content root path: E:\BankRetailSystem\Updated\AccountMicroservice
INFO  03:40:34  Got Customer Account
INFO  03:42:18  Got Customer Account
INFO  03:58:52  Got Customer Account
INFO  04:04:52 Application started. Press Ctrl+C to shut down.
INFO  04:04:52 Application started. Press Ctrl+C to shut down.
INFO  04:04:52 Hosting environment: Development
INFO  04:04:52 Hosting environment: Development
INFO  04:04:52 Content root path: E:\BankRetailSystem\Updated\AccountMicroservice
INFO  04:04:52 Content root path: E:\BankRetailSystem\Updated\AccountMicroservice
INFO  04:05:30  Got Customer Account
INFO  04:08:52  Got Customer Account
INFO  04:11:20  Got Customer Account
INFO  04:17:53  Got Customer Account
INFO  04:21:47  Got Customer Account
INFO  04:30:34  Got Customer Account
INFO  04:33:29  Got Customer Account
INFO  04:34:53  Got Customer Account
INFO  04:37:10 Application started. Press Ctrl+C to shut down.
INFO  04:37:10 Application started. Press Ctrl+C to shut down.
INFO  04:37:10 Hosting environment: Development
INFO  04:37:10 Hosting environment: Development
INFO  04:37:10 Content root path: E:\BankRetailSystem\Updated\AccountMicroservice
INFO  04:37:10 Content root path: E:\BankRetailSystem\Updated\AccountMicroservice
INFO  04:38:19  Got Customer Account
INFO  04:50:22  Got Customer Account
INFO  04:51:15 Application started. Press Ctrl+C to shut down.
INFO  04:51:15 Application started. Press Ctrl+C to shut down.
INFO  04:51:15 Hosting environment: Development
INFO  04:51:15 Hosting environment: Development
INFO  04:51:15 Content root path: E:\BankRetailSystem\Updated\AccountMicroservice
INFO  04:51:15 Content root path: E:\BankRetailSystem\Updated\AccountMicroservice
INFO  04:51:48  Got Customer Account
INFO  04:53:03  Got Customer Account
INFO  04:57:46  Got Customer Account
INFO  04:59:07  Got Customer Account
INFO  05:00:20  Got Customer Account
INFO  05:04:06  Got Customer Account
INFO  05:07:13  Got Customer Account
INFO  05:17:31  Got Customer Account
INFO  11:28:35 Application started. Press Ctrl+C to shut down.
INFO  11:28:35 Application started. Press Ctrl+C to shut down.
INFO  11:28:35 Hosting environment: Development
INFO  11:28:35 Hosting environment: Development
INFO  11:28:35 Content root path: E:\BankRetailSystem\Updated\AccountMicroservice
INFO  11:28:35 Content root path: E:\BankRetailSystem\Updated\AccountMicroservice
INFO  11:29:09 Account Created
INFO  12:01:58 Application started. Press Ctrl+C to shut down.
INFO  12:01:58 Application started. Press Ctrl+C to shut down.
INFO  12:01:58 Hosting environment: Development
INFO  12:01:58 Hosting environment: Development
INFO  12:01:58 Content root path: E:\BankRetailSystem\Updated\AccountMicroservice
INFO  12:01:58 Content root path: E:\BankRetailSystem\Updated\AccountMicroservice
INFO  12:03:21 Account Created
INFO  12:04:04  Got Customer Account
INFO  12:04:18  Got Customer Account
INFO  12:04:54  Amount Deposited 
INFO  12:04:59  Got Customer Account
INFO  12:05:15 Amount Withdrawn
INFO  12:05:16  Getting Account Info
INFO  12:05:26  Got Customer Account
INFO  12:05:39 Amount Transferred
INFO  12:05:39  Getting Account Info
INFO  12:05:52  Got Customer Account
INFO  11:21:19 Application started. Press Ctrl+C to shut down.
INFO  11:21:19 Application started. Press Ctrl+C to shut down.
INFO  11:21:19 Hosting environment: Development
INFO  11:21:19 Hosting environment: Development
INFO  11:21:19 Content root path: E:\BankRetailSystem\Updated\AccountMicroservice
INFO  11:21:19 Content root path: E:\BankRetailSystem\Updated\AccountMicroservice
INFO  11:26:02  Got Customer Account
INFO  11:26:25 Account Created
INFO  12:43:06 Application started. Press Ctrl+C to shut down.
INFO  12:43:06 Application started. Press Ctrl+C to shut down.
INFO  12:43:06 Hosting environment: Development
INFO  12:43:06 Hosting environment: Development
INFO  12:43:06 Content root path: E:\BankRetailSystem\Updated\AccountMicroservice
INFO  12:43:06 Content root path: E:\BankRetailSystem\Updated\AccountMicroservice
INFO  12:43:39  Got Customer Account
INFO  12:44:27  Got Customer Account
INFO  12:44:47  Got Customer Account
INFO  01:10:01 Application started. Press Ctrl+C to shut down.
INFO  01:10:01 Application started. Press Ctrl+C to shut down.
INFO  01:10:01 Hosting environment: Development
INFO  01:10:01 Hosting environment: Development
INFO  01:10:01 Content root path: E:\BankRetailSystem\Updated\AccountMicroservice
INFO  01:10:01 Content root path: E:\BankRetailSystem\Updated\AccountMicroservice
INFO  01:10:31  Got Customer Account
INFO  01:11:10  Got Customer Account
INFO  01:11:55  Got Customer Account
INFO  02:43:09 Application started. Press Ctrl+C to shut down.
INFO  02:43:09 Application started. Press Ctrl+C to shut down.
INFO  02:43:09 Hosting environment: Development
INFO  02:43:09 Hosting environment: Development
INFO  02:43:09 Content root path: E:\BankRetailSystem\Updated\AccountMicroservice
INFO  02:43:09 Content root path: E:\BankRetailSystem\Updated\AccountMicroservice
INFO  02:44:24 Account Created
INFO  02:44:47  Got Customer Account
INFO  02:44:54  Got Customer Account
INFO  02:45:02  Got Customer Account
INFO  02:45:14  Got Customer Account
INFO  02:45:30  Got Customer Account
INFO  02:46:18  Got Customer Account
INFO  02:46:40  Amount Deposited 
INFO  02:47:22 Amount Withdrawn
INFO  02:47:23  Getting Account Info
INFO  02:47:27  Got Customer Account
INFO  02:47:50 Amount Transferred
INFO  02:47:50  Getting Account Info
INFO  02:47:56  Got Customer Account
INFO  04:27:54 Application started. Press Ctrl+C to shut down.
INFO  04:27:54 Application started. Press Ctrl+C to shut down.
INFO  04:27:54 Hosting environment: Development
INFO  04:27:54 Hosting environment: Development
INFO  04:27:54 Content root path: E:\BankRetailSystem\Updated\AccountMicroservice
INFO  04:27:54 Content root path: E:\BankRetailSystem\Updated\AccountMicroservice
INFO  04:28:47 Account Statement Shown
INFO  04:53:40 Application started. Press Ctrl+C to shut down.
INFO  04:53:40 Application started. Press Ctrl+C to shut down.
INFO  04:53:40 Hosting environment: Development
INFO  04:53:40 Hosting environment: Development
INFO  04:53:40 Content root path: E:\BankRetailSystem\Updated\AccountMicroservice
INFO  04:53:40 Content root path: E:\BankRetailSystem\Updated\AccountMicroservice
INFO  04:54:04  Got Customer Account
INFO  04:55:40  Got Customer Account
INFO  04:58:11  Got Customer Account
INFO  04:59:39  Got Customer Account
INFO  05:01:03 Application started. Press Ctrl+C to shut down.
INFO  05:01:03 Application started. Press Ctrl+C to shut down.
INFO  05:01:03 Hosting environment: Development
INFO  05:01:03 Hosting environment: Development
INFO  05:01:03 Content root path: E:\BankRetailSystem\Updated\AccountMicroservice
INFO  05:01:03 Content root path: E:\BankRetailSystem\Updated\AccountMicroservice
INFO  05:01:28  Got Customer Account
INFO  05:03:27 Application started. Press Ctrl+C to shut down.
INFO  05:03:27 Application started. Press Ctrl+C to shut down.
INFO  05:03:27 Hosting environment: Development
INFO  05:03:27 Hosting environment: Development
INFO  05:03:27 Content root path: E:\BankRetailSystem\Updated\AccountMicroservice
INFO  05:03:27 Content root path: E:\BankRetailSystem\Updated\AccountMicroservice
INFO  05:03:52  Got Customer Account
INFO  05:08:44  Got Customer Account
INFO  05:10:51  Got Customer Account
INFO  05:12:15  Got Customer Account
INFO  05:16:03  Got Customer Account
INFO  05:16:46 Account Statement Shown
INFO  05:18:33  Got Customer Account
INFO  05:18:57 Account Statement Shown
INFO  05:19:42  Got Customer Account
INFO  05:19:49  Got Customer Account
INFO  05:19:51  Got Customer Account
INFO  05:19:53  Got Customer Account
INFO  05:51:19 Application started. Press Ctrl+C to shut down.
INFO  05:51:19 Application started. Press Ctrl+C to shut down.
INFO  05:51:19 Hosting environment: Development
INFO  05:51:19 Hosting environment: Development
INFO  05:51:19 Content root path: E:\BankRetailSystem\Updated\AccountMicroservice
INFO  05:51:19 Content root path: E:\BankRetailSystem\Updated\AccountMicroservice
INFO  05:52:41  Got Customer Account
INFO  05:53:08 Account Statement Shown
INFO  05:53:15  Got Customer Account
INFO  05:53:30 Amount Transferred
INFO  05:53:32  Getting Account Info
INFO  05:53:45  Got Customer Account
INFO  05:53:58 Amount Withdrawn
INFO  05:53:58  Getting Account Info
INFO  05:54:07  Got Customer Account
INFO  05:54:21  Amount Deposited 
INFO  05:54:25  Got Customer Account
INFO  05:55:09 Account Created
INFO  05:55:44  Got Customer Account
INFO  05:56:14  Got Customer Account
INFO  05:59:28  Got Customer Account
INFO  06:00:02 Account Created
