FATAL 05:23:29 Application startup exception
System.Exception: Could not resolve a service of type 'Microsoft.Extensions.Logging.LoggerFactory' for the parameter 'loggerFactory' of method 'Configure' on type 'CustomerMicroservice.Startup'.
 ---> System.InvalidOperationException: No service for type 'Microsoft.Extensions.Logging.LoggerFactory' has been registered.
   at Microsoft.Extensions.DependencyInjection.ServiceProviderServiceExtensions.GetRequiredService(IServiceProvider provider, Type serviceType)
   at Microsoft.AspNetCore.Hosting.ConfigureBuilder.Invoke(Object instance, IApplicationBuilder builder)
   --- End of inner exception stack trace ---
   at Microsoft.AspNetCore.Hosting.ConfigureBuilder.Invoke(Object instance, IApplicationBuilder builder)
   at Microsoft.AspNetCore.Hosting.ConfigureBuilder.<>c__DisplayClass4_0.<Build>b__0(IApplicationBuilder builder)
   at Microsoft.AspNetCore.Hosting.GenericWebHostBuilder.<>c__DisplayClass13_0.<UseStartup>b__2(IApplicationBuilder app)
   at Microsoft.AspNetCore.Mvc.Filters.MiddlewareFilterBuilderStartupFilter.<>c__DisplayClass0_0.<Configure>g__MiddlewareFilterBuilder|0(IApplicationBuilder builder)
   at Microsoft.AspNetCore.Server.IIS.Core.IISServerSetupFilter.<>c__DisplayClass2_0.<Configure>b__0(IApplicationBuilder app)
   at Microsoft.AspNetCore.HostFilteringStartupFilter.<>c__DisplayClass0_0.<Configure>b__0(IApplicationBuilder app)
   at Microsoft.AspNetCore.Hosting.GenericWebHostService.StartAsync(CancellationToken cancellationToken)
FATAL 05:24:08 Application startup exception
System.Exception: Could not resolve a service of type 'Microsoft.Extensions.Logging.LoggerFactory' for the parameter 'loggerFactory' of method 'Configure' on type 'CustomerMicroservice.Startup'.
 ---> System.InvalidOperationException: No service for type 'Microsoft.Extensions.Logging.LoggerFactory' has been registered.
   at Microsoft.Extensions.DependencyInjection.ServiceProviderServiceExtensions.GetRequiredService(IServiceProvider provider, Type serviceType)
   at Microsoft.AspNetCore.Hosting.ConfigureBuilder.Invoke(Object instance, IApplicationBuilder builder)
   --- End of inner exception stack trace ---
   at Microsoft.AspNetCore.Hosting.ConfigureBuilder.Invoke(Object instance, IApplicationBuilder builder)
   at Microsoft.AspNetCore.Hosting.ConfigureBuilder.<>c__DisplayClass4_0.<Build>b__0(IApplicationBuilder builder)
   at Microsoft.AspNetCore.Hosting.GenericWebHostBuilder.<>c__DisplayClass13_0.<UseStartup>b__2(IApplicationBuilder app)
   at Microsoft.AspNetCore.Mvc.Filters.MiddlewareFilterBuilderStartupFilter.<>c__DisplayClass0_0.<Configure>g__MiddlewareFilterBuilder|0(IApplicationBuilder builder)
   at Microsoft.AspNetCore.Server.IIS.Core.IISServerSetupFilter.<>c__DisplayClass2_0.<Configure>b__0(IApplicationBuilder app)
   at Microsoft.AspNetCore.HostFilteringStartupFilter.<>c__DisplayClass0_0.<Configure>b__0(IApplicationBuilder app)
   at Microsoft.AspNetCore.Hosting.GenericWebHostService.StartAsync(CancellationToken cancellationToken)
INFO  05:25:34 Application started. Press Ctrl+C to shut down.
INFO  05:25:34 Application started. Press Ctrl+C to shut down.
INFO  05:25:34 Hosting environment: Development
INFO  05:25:34 Hosting environment: Development
INFO  05:25:34 Content root path: C:\Users\user\source\repos\CustomerMicroservice
INFO  05:25:34 Content root path: C:\Users\user\source\repos\CustomerMicroservice
ERROR 05:25:44 An unhandled exception has occurred while executing the request.
Swashbuckle.AspNetCore.SwaggerGen.SwaggerGeneratorException: Ambiguous HTTP method for action - CustomerMicroservice.Controllers.CustomerController.getCustomerDetails (CustomerMicroservice). Actions require an explicit HttpMethod binding for Swagger/OpenAPI 3.0
   at Swashbuckle.AspNetCore.SwaggerGen.SwaggerGenerator.GenerateOperations(IEnumerable`1 apiDescriptions, SchemaRepository schemaRepository)
   at Swashbuckle.AspNetCore.SwaggerGen.SwaggerGenerator.GeneratePaths(IEnumerable`1 apiDescriptions, SchemaRepository schemaRepository)
   at Swashbuckle.AspNetCore.SwaggerGen.SwaggerGenerator.GetSwagger(String documentName, String host, String basePath)
   at Swashbuckle.AspNetCore.Swagger.SwaggerMiddleware.Invoke(HttpContext httpContext, ISwaggerProvider swaggerProvider)
   at Microsoft.AspNetCore.Diagnostics.DeveloperExceptionPageMiddleware.Invoke(HttpContext context)
ERROR 05:25:44 An unhandled exception has occurred while executing the request.
Swashbuckle.AspNetCore.SwaggerGen.SwaggerGeneratorException: Ambiguous HTTP method for action - CustomerMicroservice.Controllers.CustomerController.getCustomerDetails (CustomerMicroservice). Actions require an explicit HttpMethod binding for Swagger/OpenAPI 3.0
   at Swashbuckle.AspNetCore.SwaggerGen.SwaggerGenerator.GenerateOperations(IEnumerable`1 apiDescriptions, SchemaRepository schemaRepository)
   at Swashbuckle.AspNetCore.SwaggerGen.SwaggerGenerator.GeneratePaths(IEnumerable`1 apiDescriptions, SchemaRepository schemaRepository)
   at Swashbuckle.AspNetCore.SwaggerGen.SwaggerGenerator.GetSwagger(String documentName, String host, String basePath)
   at Swashbuckle.AspNetCore.Swagger.SwaggerMiddleware.Invoke(HttpContext httpContext, ISwaggerProvider swaggerProvider)
   at Microsoft.AspNetCore.Diagnostics.DeveloperExceptionPageMiddleware.Invoke(HttpContext context)
INFO  05:26:46 Application started. Press Ctrl+C to shut down.
INFO  05:26:46 Application started. Press Ctrl+C to shut down.
INFO  05:26:46 Hosting environment: Development
INFO  05:26:46 Hosting environment: Development
INFO  05:26:46 Content root path: C:\Users\user\source\repos\CustomerMicroservice
INFO  05:26:46 Content root path: C:\Users\user\source\repos\CustomerMicroservice
ERROR 05:26:47 An unhandled exception has occurred while executing the request.
Swashbuckle.AspNetCore.SwaggerGen.SwaggerGeneratorException: Ambiguous HTTP method for action - CustomerMicroservice.Controllers.CustomerController.getCustomerDetails (CustomerMicroservice). Actions require an explicit HttpMethod binding for Swagger/OpenAPI 3.0
   at Swashbuckle.AspNetCore.SwaggerGen.SwaggerGenerator.GenerateOperations(IEnumerable`1 apiDescriptions, SchemaRepository schemaRepository)
   at Swashbuckle.AspNetCore.SwaggerGen.SwaggerGenerator.GeneratePaths(IEnumerable`1 apiDescriptions, SchemaRepository schemaRepository)
   at Swashbuckle.AspNetCore.SwaggerGen.SwaggerGenerator.GetSwagger(String documentName, String host, String basePath)
   at Swashbuckle.AspNetCore.Swagger.SwaggerMiddleware.Invoke(HttpContext httpContext, ISwaggerProvider swaggerProvider)
   at Microsoft.AspNetCore.Diagnostics.DeveloperExceptionPageMiddleware.Invoke(HttpContext context)
ERROR 05:26:47 An unhandled exception has occurred while executing the request.
Swashbuckle.AspNetCore.SwaggerGen.SwaggerGeneratorException: Ambiguous HTTP method for action - CustomerMicroservice.Controllers.CustomerController.getCustomerDetails (CustomerMicroservice). Actions require an explicit HttpMethod binding for Swagger/OpenAPI 3.0
   at Swashbuckle.AspNetCore.SwaggerGen.SwaggerGenerator.GenerateOperations(IEnumerable`1 apiDescriptions, SchemaRepository schemaRepository)
   at Swashbuckle.AspNetCore.SwaggerGen.SwaggerGenerator.GeneratePaths(IEnumerable`1 apiDescriptions, SchemaRepository schemaRepository)
   at Swashbuckle.AspNetCore.SwaggerGen.SwaggerGenerator.GetSwagger(String documentName, String host, String basePath)
   at Swashbuckle.AspNetCore.Swagger.SwaggerMiddleware.Invoke(HttpContext httpContext, ISwaggerProvider swaggerProvider)
   at Microsoft.AspNetCore.Diagnostics.DeveloperExceptionPageMiddleware.Invoke(HttpContext context)
INFO  05:28:03 Application started. Press Ctrl+C to shut down.
INFO  05:28:03 Application started. Press Ctrl+C to shut down.
INFO  05:28:03 Hosting environment: Development
INFO  05:28:03 Hosting environment: Development
INFO  05:28:03 Content root path: C:\Users\user\source\repos\CustomerMicroservice
INFO  05:28:03 Content root path: C:\Users\user\source\repos\CustomerMicroservice
ERROR 05:28:04 An unhandled exception has occurred while executing the request.
Swashbuckle.AspNetCore.SwaggerGen.SwaggerGeneratorException: Ambiguous HTTP method for action - CustomerMicroservice.Controllers.CustomerController.getCustomerDetails (CustomerMicroservice). Actions require an explicit HttpMethod binding for Swagger/OpenAPI 3.0
   at Swashbuckle.AspNetCore.SwaggerGen.SwaggerGenerator.GenerateOperations(IEnumerable`1 apiDescriptions, SchemaRepository schemaRepository)
   at Swashbuckle.AspNetCore.SwaggerGen.SwaggerGenerator.GeneratePaths(IEnumerable`1 apiDescriptions, SchemaRepository schemaRepository)
   at Swashbuckle.AspNetCore.SwaggerGen.SwaggerGenerator.GetSwagger(String documentName, String host, String basePath)
   at Swashbuckle.AspNetCore.Swagger.SwaggerMiddleware.Invoke(HttpContext httpContext, ISwaggerProvider swaggerProvider)
   at Microsoft.AspNetCore.Diagnostics.DeveloperExceptionPageMiddleware.Invoke(HttpContext context)
ERROR 05:28:04 An unhandled exception has occurred while executing the request.
Swashbuckle.AspNetCore.SwaggerGen.SwaggerGeneratorException: Ambiguous HTTP method for action - CustomerMicroservice.Controllers.CustomerController.getCustomerDetails (CustomerMicroservice). Actions require an explicit HttpMethod binding for Swagger/OpenAPI 3.0
   at Swashbuckle.AspNetCore.SwaggerGen.SwaggerGenerator.GenerateOperations(IEnumerable`1 apiDescriptions, SchemaRepository schemaRepository)
   at Swashbuckle.AspNetCore.SwaggerGen.SwaggerGenerator.GeneratePaths(IEnumerable`1 apiDescriptions, SchemaRepository schemaRepository)
   at Swashbuckle.AspNetCore.SwaggerGen.SwaggerGenerator.GetSwagger(String documentName, String host, String basePath)
   at Swashbuckle.AspNetCore.Swagger.SwaggerMiddleware.Invoke(HttpContext httpContext, ISwaggerProvider swaggerProvider)
   at Microsoft.AspNetCore.Diagnostics.DeveloperExceptionPageMiddleware.Invoke(HttpContext context)
INFO  05:29:32 Application started. Press Ctrl+C to shut down.
INFO  05:29:32 Application started. Press Ctrl+C to shut down.
INFO  05:29:32 Hosting environment: Development
INFO  05:29:32 Hosting environment: Development
INFO  05:29:32 Content root path: C:\Users\user\source\repos\CustomerMicroservice
INFO  05:29:32 Content root path: C:\Users\user\source\repos\CustomerMicroservice
ERROR 05:29:33 An unhandled exception has occurred while executing the request.
Swashbuckle.AspNetCore.SwaggerGen.SwaggerGeneratorException: Ambiguous HTTP method for action - CustomerMicroservice.Controllers.CustomerController.getCustomerDetails (CustomerMicroservice). Actions require an explicit HttpMethod binding for Swagger/OpenAPI 3.0
   at Swashbuckle.AspNetCore.SwaggerGen.SwaggerGenerator.GenerateOperations(IEnumerable`1 apiDescriptions, SchemaRepository schemaRepository)
   at Swashbuckle.AspNetCore.SwaggerGen.SwaggerGenerator.GeneratePaths(IEnumerable`1 apiDescriptions, SchemaRepository schemaRepository)
   at Swashbuckle.AspNetCore.SwaggerGen.SwaggerGenerator.GetSwagger(String documentName, String host, String basePath)
   at Swashbuckle.AspNetCore.Swagger.SwaggerMiddleware.Invoke(HttpContext httpContext, ISwaggerProvider swaggerProvider)
   at Microsoft.AspNetCore.Diagnostics.DeveloperExceptionPageMiddleware.Invoke(HttpContext context)
ERROR 05:29:33 An unhandled exception has occurred while executing the request.
Swashbuckle.AspNetCore.SwaggerGen.SwaggerGeneratorException: Ambiguous HTTP method for action - CustomerMicroservice.Controllers.CustomerController.getCustomerDetails (CustomerMicroservice). Actions require an explicit HttpMethod binding for Swagger/OpenAPI 3.0
   at Swashbuckle.AspNetCore.SwaggerGen.SwaggerGenerator.GenerateOperations(IEnumerable`1 apiDescriptions, SchemaRepository schemaRepository)
   at Swashbuckle.AspNetCore.SwaggerGen.SwaggerGenerator.GeneratePaths(IEnumerable`1 apiDescriptions, SchemaRepository schemaRepository)
   at Swashbuckle.AspNetCore.SwaggerGen.SwaggerGenerator.GetSwagger(String documentName, String host, String basePath)
   at Swashbuckle.AspNetCore.Swagger.SwaggerMiddleware.Invoke(HttpContext httpContext, ISwaggerProvider swaggerProvider)
   at Microsoft.AspNetCore.Diagnostics.DeveloperExceptionPageMiddleware.Invoke(HttpContext context)
INFO  05:35:35 Application started. Press Ctrl+C to shut down.
INFO  05:35:35 Application started. Press Ctrl+C to shut down.
INFO  05:35:35 Hosting environment: Development
INFO  05:35:35 Hosting environment: Development
INFO  05:35:35 Content root path: C:\Users\user\source\repos\CustomerMicroservice
INFO  05:35:35 Content root path: C:\Users\user\source\repos\CustomerMicroservice
ERROR 05:35:35 An unhandled exception has occurred while executing the request.
Swashbuckle.AspNetCore.SwaggerGen.SwaggerGeneratorException: Ambiguous HTTP method for action - CustomerMicroservice.Controllers.CustomerController.getCustomerDetails (CustomerMicroservice). Actions require an explicit HttpMethod binding for Swagger/OpenAPI 3.0
   at Swashbuckle.AspNetCore.SwaggerGen.SwaggerGenerator.GenerateOperations(IEnumerable`1 apiDescriptions, SchemaRepository schemaRepository)
   at Swashbuckle.AspNetCore.SwaggerGen.SwaggerGenerator.GeneratePaths(IEnumerable`1 apiDescriptions, SchemaRepository schemaRepository)
   at Swashbuckle.AspNetCore.SwaggerGen.SwaggerGenerator.GetSwagger(String documentName, String host, String basePath)
   at Swashbuckle.AspNetCore.Swagger.SwaggerMiddleware.Invoke(HttpContext httpContext, ISwaggerProvider swaggerProvider)
   at Microsoft.AspNetCore.Diagnostics.DeveloperExceptionPageMiddleware.Invoke(HttpContext context)
ERROR 05:35:35 An unhandled exception has occurred while executing the request.
Swashbuckle.AspNetCore.SwaggerGen.SwaggerGeneratorException: Ambiguous HTTP method for action - CustomerMicroservice.Controllers.CustomerController.getCustomerDetails (CustomerMicroservice). Actions require an explicit HttpMethod binding for Swagger/OpenAPI 3.0
   at Swashbuckle.AspNetCore.SwaggerGen.SwaggerGenerator.GenerateOperations(IEnumerable`1 apiDescriptions, SchemaRepository schemaRepository)
   at Swashbuckle.AspNetCore.SwaggerGen.SwaggerGenerator.GeneratePaths(IEnumerable`1 apiDescriptions, SchemaRepository schemaRepository)
   at Swashbuckle.AspNetCore.SwaggerGen.SwaggerGenerator.GetSwagger(String documentName, String host, String basePath)
   at Swashbuckle.AspNetCore.Swagger.SwaggerMiddleware.Invoke(HttpContext httpContext, ISwaggerProvider swaggerProvider)
   at Microsoft.AspNetCore.Diagnostics.DeveloperExceptionPageMiddleware.Invoke(HttpContext context)
INFO  09:22:57 Application started. Press Ctrl+C to shut down.
INFO  09:22:57 Application started. Press Ctrl+C to shut down.
INFO  09:22:57 Hosting environment: Development
INFO  09:22:57 Hosting environment: Development
INFO  09:22:57 Content root path: C:\Users\user\source\repos\CustomerMicroservice
INFO  09:22:57 Content root path: C:\Users\user\source\repos\CustomerMicroservice
ERROR 09:22:59 An unhandled exception has occurred while executing the request.
Swashbuckle.AspNetCore.SwaggerGen.SwaggerGeneratorException: Ambiguous HTTP method for action - CustomerMicroservice.Controllers.CustomerController.getCustomerDetails (CustomerMicroservice). Actions require an explicit HttpMethod binding for Swagger/OpenAPI 3.0
   at Swashbuckle.AspNetCore.SwaggerGen.SwaggerGenerator.GenerateOperations(IEnumerable`1 apiDescriptions, SchemaRepository schemaRepository)
   at Swashbuckle.AspNetCore.SwaggerGen.SwaggerGenerator.GeneratePaths(IEnumerable`1 apiDescriptions, SchemaRepository schemaRepository)
   at Swashbuckle.AspNetCore.SwaggerGen.SwaggerGenerator.GetSwagger(String documentName, String host, String basePath)
   at Swashbuckle.AspNetCore.Swagger.SwaggerMiddleware.Invoke(HttpContext httpContext, ISwaggerProvider swaggerProvider)
   at Microsoft.AspNetCore.Diagnostics.DeveloperExceptionPageMiddleware.Invoke(HttpContext context)
ERROR 09:22:59 An unhandled exception has occurred while executing the request.
Swashbuckle.AspNetCore.SwaggerGen.SwaggerGeneratorException: Ambiguous HTTP method for action - CustomerMicroservice.Controllers.CustomerController.getCustomerDetails (CustomerMicroservice). Actions require an explicit HttpMethod binding for Swagger/OpenAPI 3.0
   at Swashbuckle.AspNetCore.SwaggerGen.SwaggerGenerator.GenerateOperations(IEnumerable`1 apiDescriptions, SchemaRepository schemaRepository)
   at Swashbuckle.AspNetCore.SwaggerGen.SwaggerGenerator.GeneratePaths(IEnumerable`1 apiDescriptions, SchemaRepository schemaRepository)
   at Swashbuckle.AspNetCore.SwaggerGen.SwaggerGenerator.GetSwagger(String documentName, String host, String basePath)
   at Swashbuckle.AspNetCore.Swagger.SwaggerMiddleware.Invoke(HttpContext httpContext, ISwaggerProvider swaggerProvider)
   at Microsoft.AspNetCore.Diagnostics.DeveloperExceptionPageMiddleware.Invoke(HttpContext context)
INFO  09:30:18 Application started. Press Ctrl+C to shut down.
INFO  09:30:18 Application started. Press Ctrl+C to shut down.
INFO  09:30:18 Hosting environment: Development
INFO  09:30:18 Hosting environment: Development
INFO  09:30:18 Content root path: C:\Users\user\source\repos\CustomerMicroservice
INFO  09:30:18 Content root path: C:\Users\user\source\repos\CustomerMicroservice
INFO  09:30:30 Get Customer Details is called with id:1
INFO  08:57:15 Application started. Press Ctrl+C to shut down.
INFO  08:57:15 Application started. Press Ctrl+C to shut down.
INFO  08:57:15 Hosting environment: Development
INFO  08:57:15 Hosting environment: Development
INFO  08:57:15 Content root path: C:\Users\user\source\repos\CustomerMicroservice
INFO  08:57:15 Content root path: C:\Users\user\source\repos\CustomerMicroservice
ERROR 08:57:15 An unhandled exception has occurred while executing the request.
System.InvalidOperationException: No authenticationScheme was specified, and there was no DefaultChallengeScheme found. The default schemes can be set using either AddAuthentication(string defaultScheme) or AddAuthentication(Action<AuthenticationOptions> configureOptions).
   at Microsoft.AspNetCore.Authentication.AuthenticationService.ChallengeAsync(HttpContext context, String scheme, AuthenticationProperties properties)
   at Microsoft.AspNetCore.Authorization.AuthorizationMiddleware.Invoke(HttpContext context)
   at Swashbuckle.AspNetCore.SwaggerUI.SwaggerUIMiddleware.Invoke(HttpContext httpContext)
   at Swashbuckle.AspNetCore.Swagger.SwaggerMiddleware.Invoke(HttpContext httpContext, ISwaggerProvider swaggerProvider)
   at Microsoft.AspNetCore.Diagnostics.DeveloperExceptionPageMiddleware.Invoke(HttpContext context)
ERROR 08:57:15 An unhandled exception has occurred while executing the request.
System.InvalidOperationException: No authenticationScheme was specified, and there was no DefaultChallengeScheme found. The default schemes can be set using either AddAuthentication(string defaultScheme) or AddAuthentication(Action<AuthenticationOptions> configureOptions).
   at Microsoft.AspNetCore.Authentication.AuthenticationService.ChallengeAsync(HttpContext context, String scheme, AuthenticationProperties properties)
   at Microsoft.AspNetCore.Authorization.AuthorizationMiddleware.Invoke(HttpContext context)
   at Swashbuckle.AspNetCore.SwaggerUI.SwaggerUIMiddleware.Invoke(HttpContext httpContext)
   at Swashbuckle.AspNetCore.Swagger.SwaggerMiddleware.Invoke(HttpContext httpContext, ISwaggerProvider swaggerProvider)
   at Microsoft.AspNetCore.Diagnostics.DeveloperExceptionPageMiddleware.Invoke(HttpContext context)
INFO  09:00:04 Application started. Press Ctrl+C to shut down.
INFO  09:00:04 Application started. Press Ctrl+C to shut down.
INFO  09:00:04 Hosting environment: Development
INFO  09:00:04 Hosting environment: Development
INFO  09:00:04 Content root path: C:\Users\user\source\repos\CustomerMicroservice
INFO  09:00:04 Content root path: C:\Users\user\source\repos\CustomerMicroservice
INFO  09:03:43 Application started. Press Ctrl+C to shut down.
INFO  09:03:43 Application started. Press Ctrl+C to shut down.
INFO  09:03:43 Hosting environment: Development
INFO  09:03:43 Hosting environment: Development
INFO  09:03:43 Content root path: C:\Users\user\source\repos\CustomerMicroservice
INFO  09:03:43 Content root path: C:\Users\user\source\repos\CustomerMicroservice
INFO  09:14:36 Application started. Press Ctrl+C to shut down.
INFO  09:14:36 Application started. Press Ctrl+C to shut down.
INFO  09:14:36 Hosting environment: Development
INFO  09:14:36 Hosting environment: Development
INFO  09:14:36 Content root path: C:\Users\user\source\repos\CustomerMicroservice
INFO  09:14:36 Content root path: C:\Users\user\source\repos\CustomerMicroservice
INFO  08:56:35 Application started. Press Ctrl+C to shut down.
INFO  08:56:35 Application started. Press Ctrl+C to shut down.
INFO  08:56:35 Hosting environment: Development
INFO  08:56:35 Hosting environment: Development
INFO  08:56:35 Content root path: E:\MFPE-Pod6\CustomerMicroservice
INFO  08:56:35 Content root path: E:\MFPE-Pod6\CustomerMicroservice
INFO  09:20:57 Application started. Press Ctrl+C to shut down.
INFO  09:20:57 Application started. Press Ctrl+C to shut down.
INFO  09:20:57 Hosting environment: Development
INFO  09:20:57 Hosting environment: Development
INFO  09:20:57 Content root path: E:\BankRetailSystem\Updated\CustomerMicroservice
INFO  09:20:57 Content root path: E:\BankRetailSystem\Updated\CustomerMicroservice
INFO  09:21:09 Creation of customer is initiated
INFO  09:22:59 Application started. Press Ctrl+C to shut down.
INFO  09:22:59 Application started. Press Ctrl+C to shut down.
INFO  09:22:59 Hosting environment: Development
INFO  09:22:59 Hosting environment: Development
INFO  09:22:59 Content root path: E:\BankRetailSystem\Updated\CustomerMicroservice
INFO  09:22:59 Content root path: E:\BankRetailSystem\Updated\CustomerMicroservice
INFO  09:23:28 Creation of customer is initiated
INFO  09:24:58 Application started. Press Ctrl+C to shut down.
INFO  09:24:58 Application started. Press Ctrl+C to shut down.
INFO  09:24:58 Hosting environment: Development
INFO  09:24:58 Hosting environment: Development
INFO  09:24:58 Content root path: E:\BankRetailSystem\Updated\CustomerMicroservice
INFO  09:24:58 Content root path: E:\BankRetailSystem\Updated\CustomerMicroservice
INFO  09:25:08 Creation of customer is initiated
INFO  09:38:05 Application started. Press Ctrl+C to shut down.
INFO  09:38:05 Application started. Press Ctrl+C to shut down.
INFO  09:38:05 Hosting environment: Development
INFO  09:38:05 Hosting environment: Development
INFO  09:38:05 Content root path: E:\BankRetailSystem\Updated\CustomerMicroservice
INFO  09:38:05 Content root path: E:\BankRetailSystem\Updated\CustomerMicroservice
INFO  09:39:25 Creation of customer is initiated
INFO  02:55:45 Application started. Press Ctrl+C to shut down.
INFO  02:55:45 Application started. Press Ctrl+C to shut down.
INFO  02:55:45 Hosting environment: Development
INFO  02:55:45 Hosting environment: Development
INFO  02:55:45 Content root path: E:\BankRetailSystem\Updated\CustomerMicroservice
INFO  02:55:45 Content root path: E:\BankRetailSystem\Updated\CustomerMicroservice
INFO  03:13:05 Application started. Press Ctrl+C to shut down.
INFO  03:13:05 Application started. Press Ctrl+C to shut down.
INFO  03:13:05 Hosting environment: Development
INFO  03:13:05 Hosting environment: Development
INFO  03:13:05 Content root path: E:\BankRetailSystem\Updated\CustomerMicroservice
INFO  03:13:05 Content root path: E:\BankRetailSystem\Updated\CustomerMicroservice
INFO  03:18:39 Creation of customer is initiated
INFO  11:25:01 Application started. Press Ctrl+C to shut down.
INFO  11:25:01 Application started. Press Ctrl+C to shut down.
INFO  11:25:01 Hosting environment: Development
INFO  11:25:01 Hosting environment: Development
INFO  11:25:01 Content root path: E:\BankRetailSystem\Updated\CustomerMicroservice
INFO  11:25:01 Content root path: E:\BankRetailSystem\Updated\CustomerMicroservice
INFO  11:28:24 Application started. Press Ctrl+C to shut down.
INFO  11:28:24 Application started. Press Ctrl+C to shut down.
INFO  11:28:24 Hosting environment: Development
INFO  11:28:24 Hosting environment: Development
INFO  11:28:24 Content root path: E:\BankRetailSystem\Updated\CustomerMicroservice
INFO  11:28:24 Content root path: E:\BankRetailSystem\Updated\CustomerMicroservice
INFO  11:29:09 Creation of customer is initiated
INFO  12:01:47 Application started. Press Ctrl+C to shut down.
INFO  12:01:47 Application started. Press Ctrl+C to shut down.
INFO  12:01:47 Hosting environment: Development
INFO  12:01:47 Hosting environment: Development
INFO  12:01:47 Content root path: E:\BankRetailSystem\Updated\CustomerMicroservice
INFO  12:01:47 Content root path: E:\BankRetailSystem\Updated\CustomerMicroservice
INFO  12:03:21 Creation of customer is initiated
INFO  11:25:29 Application started. Press Ctrl+C to shut down.
INFO  11:25:29 Application started. Press Ctrl+C to shut down.
INFO  11:25:29 Hosting environment: Development
INFO  11:25:29 Hosting environment: Development
INFO  11:25:29 Content root path: E:\BankRetailSystem\Updated\CustomerMicroservice
INFO  11:25:29 Content root path: E:\BankRetailSystem\Updated\CustomerMicroservice
INFO  11:26:25 Creation of customer is initiated
INFO  02:42:23 Application started. Press Ctrl+C to shut down.
INFO  02:42:23 Application started. Press Ctrl+C to shut down.
INFO  02:42:23 Hosting environment: Development
INFO  02:42:23 Hosting environment: Development
INFO  02:42:23 Content root path: E:\BankRetailSystem\Updated\CustomerMicroservice
INFO  02:42:23 Content root path: E:\BankRetailSystem\Updated\CustomerMicroservice
INFO  02:44:24 Creation of customer is initiated
INFO  05:50:34 Application started. Press Ctrl+C to shut down.
INFO  05:50:34 Application started. Press Ctrl+C to shut down.
INFO  05:50:34 Hosting environment: Development
INFO  05:50:34 Hosting environment: Development
INFO  05:50:34 Content root path: E:\BankRetailSystem\Updated\CustomerMicroservice
INFO  05:50:34 Content root path: E:\BankRetailSystem\Updated\CustomerMicroservice
INFO  05:55:09 Creation of customer is initiated
INFO  06:00:02 Creation of customer is initiated
